12:31:59,466 INFO  [org.jboss.modules] (main) JBoss Modules version 1.3.3.Final-redhat-1
12:31:59,887 INFO  [org.jboss.msc] (main) JBoss MSC version 1.1.5.Final-redhat-1
12:32:00,119 INFO  [org.jboss.as] (MSC service thread 1-8) JBAS015899: JBoss EAP 6.3.0.GA (AS 7.4.0.Final-redhat-19) starting
12:32:00,126 DEBUG [org.jboss.as.config] (MSC service thread 1-8) Configured system properties:
	awt.toolkit = sun.awt.X11.XToolkit
	file.encoding = UTF-8
	file.encoding.pkg = sun.io
	file.separator = /
	java.awt.graphicsenv = sun.awt.X11GraphicsEnvironment
	java.awt.headless = true
	java.awt.printerjob = sun.print.PSPrinterJob
	java.class.path = /home/prasanna0586/jbossServer-eap-6.3/jboss-eap-6.3/jboss-modules.jar
	java.class.version = 51.0
	java.endorsed.dirs = /usr/lib/jvm/java-7-openjdk-amd64/jre/lib/endorsed
	java.ext.dirs = /usr/lib/jvm/java-7-openjdk-amd64/jre/lib/ext:/usr/java/packages/lib/ext
	java.home = /usr/lib/jvm/java-7-openjdk-amd64/jre
	java.io.tmpdir = /tmp
	java.library.path = /usr/java/packages/lib/amd64:/usr/lib/x86_64-linux-gnu/jni:/lib/x86_64-linux-gnu:/usr/lib/x86_64-linux-gnu:/usr/lib/jni:/lib:/usr/lib
	java.net.preferIPv4Stack = true
	java.runtime.name = OpenJDK Runtime Environment
	java.runtime.version = 1.7.0_75-b13
	java.specification.name = Java Platform API Specification
	java.specification.vendor = Oracle Corporation
	java.specification.version = 1.7
	java.util.logging.manager = org.jboss.logmanager.LogManager
	java.vendor = Oracle Corporation
	java.vendor.url = http://java.oracle.com/
	java.vendor.url.bug = http://bugreport.sun.com/bugreport/
	java.version = 1.7.0_75
	java.vm.info = mixed mode
	java.vm.name = OpenJDK 64-Bit Server VM
	java.vm.specification.name = Java Virtual Machine Specification
	java.vm.specification.vendor = Oracle Corporation
	java.vm.specification.version = 1.7
	java.vm.vendor = Oracle Corporation
	java.vm.version = 24.75-b04
	javax.management.builder.initial = org.jboss.as.jmx.PluggableMBeanServerBuilder
	javax.xml.datatype.DatatypeFactory = __redirected.__DatatypeFactory
	javax.xml.parsers.DocumentBuilderFactory = __redirected.__DocumentBuilderFactory
	javax.xml.parsers.SAXParserFactory = __redirected.__SAXParserFactory
	javax.xml.stream.XMLEventFactory = __redirected.__XMLEventFactory
	javax.xml.stream.XMLInputFactory = __redirected.__XMLInputFactory
	javax.xml.stream.XMLOutputFactory = __redirected.__XMLOutputFactory
	javax.xml.transform.TransformerFactory = __redirected.__TransformerFactory
	javax.xml.validation.SchemaFactory:http://www.w3.org/2001/XMLSchema = __redirected.__SchemaFactory
	javax.xml.xpath.XPathFactory:http://java.sun.com/jaxp/xpath/dom = __redirected.__XPathFactory
	jboss.bind.address = localhost
	jboss.bind.address.management = localhost
	jboss.home.dir = /home/prasanna0586/jbossServer-eap-6.3/jboss-eap-6.3
	jboss.host.name = prasanna
	jboss.modules.dir = /home/prasanna0586/jbossServer-eap-6.3/jboss-eap-6.3/modules
	jboss.modules.system.pkgs = org.jboss.byteman
	jboss.node.name = prasanna
	jboss.qualified.host.name = prasanna
	jboss.server.base.dir = /home/prasanna0586/jbossServer-eap-6.3/jboss-eap-6.3/standalone
	jboss.server.config.dir = /home/prasanna0586/jbossServer-eap-6.3/jboss-eap-6.3/standalone/configuration
	jboss.server.data.dir = /home/prasanna0586/jbossServer-eap-6.3/jboss-eap-6.3/standalone/data
	jboss.server.deploy.dir = /home/prasanna0586/jbossServer-eap-6.3/jboss-eap-6.3/standalone/data/content
	jboss.server.log.dir = /home/prasanna0586/jbossServer-eap-6.3/jboss-eap-6.3/standalone/log
	jboss.server.name = prasanna
	jboss.server.persist.config = true
	jboss.server.temp.dir = /home/prasanna0586/jbossServer-eap-6.3/jboss-eap-6.3/standalone/tmp
	line.separator = 

	logging.configuration = file:/home/prasanna0586/jbossServer-eap-6.3/jboss-eap-6.3/standalone/configuration/logging.properties
	module.path = /home/prasanna0586/jbossServer-eap-6.3/jboss-eap-6.3/modules
	org.jboss.boot.log.file = /home/prasanna0586/jbossServer-eap-6.3/jboss-eap-6.3/standalone/log/boot.log
	org.jboss.logmanager.nocolor = true
	org.jboss.resolver.warning = true
	org.xml.sax.driver = __redirected.__XMLReaderFactory
	os.arch = amd64
	os.name = Linux
	os.version = 3.13.0-48-generic
	path.separator = :
	program.name = JBossTools: JBoss Enterprise Application Platform 6.1+
	sun.arch.data.model = 64
	sun.boot.class.path = /usr/lib/jvm/java-7-openjdk-amd64/jre/lib/resources.jar:/usr/lib/jvm/java-7-openjdk-amd64/jre/lib/rt.jar:/usr/lib/jvm/java-7-openjdk-amd64/jre/lib/sunrsasign.jar:/usr/lib/jvm/java-7-openjdk-amd64/jre/lib/jsse.jar:/usr/lib/jvm/java-7-openjdk-amd64/jre/lib/jce.jar:/usr/lib/jvm/java-7-openjdk-amd64/jre/lib/charsets.jar:/usr/lib/jvm/java-7-openjdk-amd64/jre/lib/rhino.jar:/usr/lib/jvm/java-7-openjdk-amd64/jre/lib/jfr.jar:/usr/lib/jvm/java-7-openjdk-amd64/jre/classes
	sun.boot.library.path = /usr/lib/jvm/java-7-openjdk-amd64/jre/lib/amd64
	sun.cpu.endian = little
	sun.cpu.isalist = 
	sun.desktop = gnome
	sun.io.unicode.encoding = UnicodeLittle
	sun.java.command = org.jboss.modules.Main -mp /home/prasanna0586/jbossServer-eap-6.3/jboss-eap-6.3/modules -jaxpmodule javax.xml.jaxp-provider org.jboss.as.standalone -b localhost --server-config=standalone.xml -Djboss.server.base.dir=/home/prasanna0586/jbossServer-eap-6.3/jboss-eap-6.3/standalone
	sun.java.launcher = SUN_STANDARD
	sun.jnu.encoding = UTF-8
	sun.management.compiler = HotSpot 64-Bit Tiered Compilers
	sun.os.patch.level = unknown
	sun.rmi.dgc.client.gcInterval = 3600000
	sun.rmi.dgc.server.gcInterval = 3600000
	user.country = US
	user.dir = /home/prasanna0586/jbossServer-eap-6.3/jboss-eap-6.3/bin
	user.home = /home/prasanna0586
	user.language = en
	user.name = prasanna0586
	user.timezone = Asia/Kolkata
12:32:00,129 DEBUG [org.jboss.as.config] (MSC service thread 1-8) VM Arguments: -Dprogram.name=JBossTools: JBoss Enterprise Application Platform 6.1+ -Xms1024m -Xmx1024m -XX:MaxPermSize=256m -Dorg.jboss.resolver.warning=true -Djava.net.preferIPv4Stack=true -Dsun.rmi.dgc.client.gcInterval=3600000 -Dsun.rmi.dgc.server.gcInterval=3600000 -Djboss.modules.system.pkgs=org.jboss.byteman -Djava.awt.headless=true -Dorg.jboss.boot.log.file=/home/prasanna0586/jbossServer-eap-6.3/jboss-eap-6.3/standalone/log/boot.log -Dlogging.configuration=file:/home/prasanna0586/jbossServer-eap-6.3/jboss-eap-6.3/standalone/configuration/logging.properties -Djboss.home.dir=/home/prasanna0586/jbossServer-eap-6.3/jboss-eap-6.3 -Dorg.jboss.logmanager.nocolor=true -Djboss.bind.address.management=localhost -Dfile.encoding=UTF-8 
12:32:01,518 INFO  [org.xnio] (MSC service thread 1-2) XNIO Version 3.0.10.GA-redhat-1
12:32:01,521 INFO  [org.jboss.as.server] (Controller Boot Thread) JBAS015888: Creating http management service using socket-binding (management-http)
12:32:01,526 INFO  [org.xnio.nio] (MSC service thread 1-2) XNIO NIO Implementation Version 3.0.10.GA-redhat-1
12:32:01,548 INFO  [org.jboss.remoting] (MSC service thread 1-2) JBoss Remoting version (unknown)
