17:54:30,443 INFO  [org.jboss.modules] (main) JBoss Modules version 1.3.3.Final-redhat-1
17:54:30,665 INFO  [org.jboss.msc] (main) JBoss MSC version 1.1.5.Final-redhat-1
17:54:30,725 INFO  [org.jboss.as] (MSC service thread 1-6) JBAS015899: JBoss EAP 6.3.0.GA (AS 7.4.0.Final-redhat-19) starting
17:54:30,725 DEBUG [org.jboss.as.config] (MSC service thread 1-6) Configured system properties:
	awt.toolkit = sun.awt.windows.WToolkit
	file.encoding = Cp1252
	file.encoding.pkg = sun.io
	file.separator = \
	java.awt.graphicsenv = sun.awt.Win32GraphicsEnvironment
	java.awt.headless = true
	java.awt.printerjob = sun.awt.windows.WPrinterJob
	java.class.path = D:\tools\jboss-eap-6.3\jboss-modules.jar
	java.class.version = 51.0
	java.endorsed.dirs = C:\Program Files\Java\jdk1.7.0_25\jre\lib\endorsed
	java.ext.dirs = C:\Program Files\Java\jdk1.7.0_25\jre\lib\ext;C:\Windows\Sun\Java\lib\ext
	java.home = C:\Program Files\Java\jdk1.7.0_25\jre
	java.io.tmpdir = C:\Users\PRASAN~1\AppData\Local\Temp\
	java.library.path = C:\Program Files\Java\jdk1.7.0_25\bin;C:\Windows\Sun\Java\bin;C:\Windows\system32;C:\Windows;native;C:/Program Files/Java/jdk1.7.0_25/bin/../jre/bin/server;C:/Program Files/Java/jdk1.7.0_25/bin/../jre/bin;C:/Program Files/Java/jdk1.7.0_25/bin/../jre/lib/amd64;C:\Program Files\Common Files\Microsoft Shared\Windows Live;C:\Program Files (x86)\Common Files\Microsoft Shared\Windows Live;C:\Program Files (x86)\Intel\iCLS Client\;C:\Program Files\Intel\iCLS Client\;C:\Windows\system32;C:\Windows;C:\Windows\System32\Wbem;C:\Windows\System32\WindowsPowerShell\v1.0\;C:\Program Files\Intel\Intel(R) Management Engine Components\DAL;C:\Program Files\Intel\Intel(R) Management Engine Components\IPT;C:\Program Files (x86)\Intel\Intel(R) Management Engine Components\DAL;C:\Program Files (x86)\Intel\Intel(R) Management Engine Components\IPT;C:\Program Files (x86)\Windows Live\Shared;C:\Users\prasannakumarr\AppData\Local\GitHub\PortableGit_7eaa994416ae7b397b2628033ac45f8ff6ac2010\bin;C:\Program Files (x86)\nodejs\;C:\Users\prasannakumarr\AppData\Roaming\npm;C:\Program Files\OpenVPN\bin;D:\profile\Apache24\bin;C:\Program Files (x86)\Git\cmd;C:\Program Files\Java\jdk1.7.0_25\bin;D:\profile\Software\MySQL\Extracted\mysql-advanced-5.6.22-winx64\bin;D:\profile\android-sdks\tools;D:\path;C:\ProgramData\chocolatey\bin;;D:\profile\eclipse\eclipse-jee-luna-SR1-win32-x86_64\eclipse;;.
	java.net.preferIPv4Stack = true
	java.runtime.name = Java(TM) SE Runtime Environment
	java.runtime.version = 1.7.0_25-b17
	java.specification.name = Java Platform API Specification
	java.specification.vendor = Oracle Corporation
	java.specification.version = 1.7
	java.util.logging.manager = org.jboss.logmanager.LogManager
	java.vendor = Oracle Corporation
	java.vendor.url = http://java.oracle.com/
	java.vendor.url.bug = http://bugreport.sun.com/bugreport/
	java.version = 1.7.0_25
	java.vm.info = mixed mode
	java.vm.name = Java HotSpot(TM) 64-Bit Server VM
	java.vm.specification.name = Java Virtual Machine Specification
	java.vm.specification.vendor = Oracle Corporation
	java.vm.specification.version = 1.7
	java.vm.vendor = Oracle Corporation
	java.vm.version = 23.25-b01
	javax.management.builder.initial = org.jboss.as.jmx.PluggableMBeanServerBuilder
	javax.xml.datatype.DatatypeFactory = __redirected.__DatatypeFactory
	javax.xml.parsers.DocumentBuilderFactory = __redirected.__DocumentBuilderFactory
	javax.xml.parsers.SAXParserFactory = __redirected.__SAXParserFactory
	javax.xml.stream.XMLEventFactory = __redirected.__XMLEventFactory
	javax.xml.stream.XMLInputFactory = __redirected.__XMLInputFactory
	javax.xml.stream.XMLOutputFactory = __redirected.__XMLOutputFactory
	javax.xml.transform.TransformerFactory = __redirected.__TransformerFactory
	javax.xml.validation.SchemaFactory:http://www.w3.org/2001/XMLSchema = __redirected.__SchemaFactory
	javax.xml.xpath.XPathFactory:http://java.sun.com/jaxp/xpath/dom = __redirected.__XPathFactory
	jboss.bind.address = localhost
	jboss.bind.address.management = localhost
	jboss.home.dir = D:\tools\jboss-eap-6.3
	jboss.host.name = pc1577
	jboss.modules.dir = D:\tools\jboss-eap-6.3\modules
	jboss.modules.system.pkgs = org.jboss.byteman
	jboss.node.name = pc1577
	jboss.qualified.host.name = pc1577
	jboss.server.base.dir = D:\tools\jboss-eap-6.3\standalone
	jboss.server.config.dir = D:\tools\jboss-eap-6.3\standalone\configuration
	jboss.server.data.dir = D:\tools\jboss-eap-6.3\standalone\data
	jboss.server.deploy.dir = D:\tools\jboss-eap-6.3\standalone\data\content
	jboss.server.log.dir = D:\tools\jboss-eap-6.3\standalone\log
	jboss.server.name = pc1577
	jboss.server.persist.config = true
	jboss.server.temp.dir = D:\tools\jboss-eap-6.3\standalone\tmp
	line.separator = 

	logging.configuration = file:/D:/tools/jboss-eap-6.3/standalone/configuration/logging.properties
	module.path = D:/tools/jboss-eap-6.3/modules
	org.jboss.boot.log.file = D:/tools/jboss-eap-6.3/standalone/log/boot.log
	org.jboss.logmanager.nocolor = true
	org.jboss.resolver.warning = true
	org.xml.sax.driver = __redirected.__XMLReaderFactory
	os.arch = amd64
	os.name = Windows 7
	os.version = 6.1
	path.separator = ;
	program.name = JBossTools: JBoss Enterprise Application Platform 6.1+
	sun.arch.data.model = 64
	sun.boot.class.path = C:\Program Files\Java\jdk1.7.0_25\jre\lib\resources.jar;C:\Program Files\Java\jdk1.7.0_25\jre\lib\rt.jar;C:\Program Files\Java\jdk1.7.0_25\jre\lib\sunrsasign.jar;C:\Program Files\Java\jdk1.7.0_25\jre\lib\jsse.jar;C:\Program Files\Java\jdk1.7.0_25\jre\lib\jce.jar;C:\Program Files\Java\jdk1.7.0_25\jre\lib\charsets.jar;C:\Program Files\Java\jdk1.7.0_25\jre\lib\jfr.jar;C:\Program Files\Java\jdk1.7.0_25\jre\classes
	sun.boot.library.path = C:\Program Files\Java\jdk1.7.0_25\jre\bin
	sun.cpu.endian = little
	sun.cpu.isalist = amd64
	sun.desktop = windows
	sun.io.unicode.encoding = UnicodeLittle
	sun.java.command = org.jboss.modules.Main -mp D:/tools/jboss-eap-6.3/modules -jaxpmodule javax.xml.jaxp-provider org.jboss.as.standalone -b localhost --server-config=standalone.xml -Djboss.server.base.dir=D:\tools\jboss-eap-6.3\standalone
	sun.java.launcher = SUN_STANDARD
	sun.jnu.encoding = Cp1252
	sun.management.compiler = HotSpot 64-Bit Tiered Compilers
	sun.os.patch.level = Service Pack 1
	sun.rmi.dgc.client.gcInterval = 3600000
	sun.rmi.dgc.server.gcInterval = 3600000
	user.country = US
	user.dir = D:\tools\jboss-eap-6.3\bin
	user.home = C:\Users\prasannakumarr
	user.language = en
	user.name = prasannakumarr
	user.script = 
	user.timezone = Asia/Calcutta
	user.variant = 
17:54:30,725 DEBUG [org.jboss.as.config] (MSC service thread 1-6) VM Arguments: -Dprogram.name=JBossTools: JBoss Enterprise Application Platform 6.1+ -Xms1024m -Xmx1024m -XX:MaxPermSize=256m -Dorg.jboss.resolver.warning=true -Djava.net.preferIPv4Stack=true -Dsun.rmi.dgc.client.gcInterval=3600000 -Dsun.rmi.dgc.server.gcInterval=3600000 -Djboss.modules.system.pkgs=org.jboss.byteman -Djava.awt.headless=true -Dorg.jboss.boot.log.file=D:/tools/jboss-eap-6.3/standalone/log/boot.log -Dlogging.configuration=file:/D:/tools/jboss-eap-6.3/standalone/configuration/logging.properties -Djboss.home.dir=D:/tools/jboss-eap-6.3 -Dorg.jboss.logmanager.nocolor=true -Djboss.bind.address.management=localhost -Dfile.encoding=Cp1252 
17:54:31,543 INFO  [org.xnio] (MSC service thread 1-5) XNIO Version 3.0.10.GA-redhat-1
17:54:31,543 INFO  [org.jboss.as.server] (Controller Boot Thread) JBAS015888: Creating http management service using socket-binding (management-http)
17:54:31,543 INFO  [org.xnio.nio] (MSC service thread 1-5) XNIO NIO Implementation Version 3.0.10.GA-redhat-1
17:54:31,574 INFO  [org.jboss.remoting] (MSC service thread 1-5) JBoss Remoting version (unknown)
