13:28:17,281 INFO  [org.jboss.modules] (main) JBoss Modules version 1.3.3.Final-redhat-1
13:28:18,476 INFO  [org.jboss.msc] (main) JBoss MSC version 1.1.5.Final-redhat-1
13:28:18,619 INFO  [org.jboss.as] (MSC service thread 1-6) JBAS015899: JBoss EAP 6.3.0.GA (AS 7.4.0.Final-redhat-19) starting
13:28:18,627 DEBUG [org.jboss.as.config] (MSC service thread 1-6) Configured system properties:
	awt.toolkit = sun.awt.X11.XToolkit
	file.encoding = UTF-8
	file.encoding.pkg = sun.io
	file.separator = /
	java.awt.graphicsenv = sun.awt.X11GraphicsEnvironment
	java.awt.headless = true
	java.awt.printerjob = sun.print.PSPrinterJob
	java.class.path = /home/prasanna0586/jbossServer-eap-6.3/jboss-eap-6.3/jboss-modules.jar
	java.class.version = 51.0
	java.endorsed.dirs = /usr/lib/jvm/java-7-openjdk-amd64/jre/lib/endorsed
	java.ext.dirs = /usr/lib/jvm/java-7-openjdk-amd64/jre/lib/ext:/usr/java/packages/lib/ext
	java.home = /usr/lib/jvm/java-7-openjdk-amd64/jre
	java.io.tmpdir = /tmp
	java.library.path = /usr/java/packages/lib/amd64:/usr/lib/x86_64-linux-gnu/jni:/lib/x86_64-linux-gnu:/usr/lib/x86_64-linux-gnu:/usr/lib/jni:/lib:/usr/lib
	java.net.preferIPv4Stack = true
	java.runtime.name = OpenJDK Runtime Environment
	java.runtime.version = 1.7.0_75-b13
	java.specification.name = Java Platform API Specification
	java.specification.vendor = Oracle Corporation
	java.specification.version = 1.7
	java.util.logging.manager = org.jboss.logmanager.LogManager
	java.vendor = Oracle Corporation
	java.vendor.url = http://java.oracle.com/
	java.vendor.url.bug = http://bugreport.sun.com/bugreport/
	java.version = 1.7.0_75
	java.vm.info = mixed mode
	java.vm.name = OpenJDK 64-Bit Server VM
	java.vm.specification.name = Java Virtual Machine Specification
	java.vm.specification.vendor = Oracle Corporation
	java.vm.specification.version = 1.7
	java.vm.vendor = Oracle Corporation
	java.vm.version = 24.75-b04
	javax.management.builder.initial = org.jboss.as.jmx.PluggableMBeanServerBuilder
	javax.xml.datatype.DatatypeFactory = __redirected.__DatatypeFactory
	javax.xml.parsers.DocumentBuilderFactory = __redirected.__DocumentBuilderFactory
	javax.xml.parsers.SAXParserFactory = __redirected.__SAXParserFactory
	javax.xml.stream.XMLEventFactory = __redirected.__XMLEventFactory
	javax.xml.stream.XMLInputFactory = __redirected.__XMLInputFactory
	javax.xml.stream.XMLOutputFactory = __redirected.__XMLOutputFactory
	javax.xml.transform.TransformerFactory = __redirected.__TransformerFactory
	javax.xml.validation.SchemaFactory:http://www.w3.org/2001/XMLSchema = __redirected.__SchemaFactory
	javax.xml.xpath.XPathFactory:http://java.sun.com/jaxp/xpath/dom = __redirected.__XPathFactory
	jboss.bind.address = localhost
	jboss.bind.address.management = localhost
	jboss.home.dir = /home/prasanna0586/jbossServer-eap-6.3/jboss-eap-6.3
	jboss.host.name = prasanna
	jboss.modules.dir = /home/prasanna0586/jbossServer-eap-6.3/jboss-eap-6.3/modules
	jboss.modules.system.pkgs = org.jboss.byteman
	jboss.node.name = prasanna
	jboss.qualified.host.name = prasanna
	jboss.server.base.dir = /home/prasanna0586/jbossServer-eap-6.3/jboss-eap-6.3/standalone
	jboss.server.config.dir = /home/prasanna0586/jbossServer-eap-6.3/jboss-eap-6.3/standalone/configuration
	jboss.server.data.dir = /home/prasanna0586/jbossServer-eap-6.3/jboss-eap-6.3/standalone/data
	jboss.server.deploy.dir = /home/prasanna0586/jbossServer-eap-6.3/jboss-eap-6.3/standalone/data/content
	jboss.server.log.dir = /home/prasanna0586/jbossServer-eap-6.3/jboss-eap-6.3/standalone/log
	jboss.server.name = prasanna
	jboss.server.persist.config = true
	jboss.server.temp.dir = /home/prasanna0586/jbossServer-eap-6.3/jboss-eap-6.3/standalone/tmp
	line.separator = 

	logging.configuration = file:/home/prasanna0586/jbossServer-eap-6.3/jboss-eap-6.3/standalone/configuration/logging.properties
	module.path = /home/prasanna0586/jbossServer-eap-6.3/jboss-eap-6.3/modules
	org.jboss.boot.log.file = /home/prasanna0586/jbossServer-eap-6.3/jboss-eap-6.3/standalone/log/boot.log
	org.jboss.logmanager.nocolor = true
	org.jboss.resolver.warning = true
	org.xml.sax.driver = __redirected.__XMLReaderFactory
	os.arch = amd64
	os.name = Linux
	os.version = 3.13.0-48-generic
	path.separator = :
	program.name = JBossTools: JBoss Enterprise Application Platform 6.1+
	sun.arch.data.model = 64
	sun.boot.class.path = /usr/lib/jvm/java-7-openjdk-amd64/jre/lib/resources.jar:/usr/lib/jvm/java-7-openjdk-amd64/jre/lib/rt.jar:/usr/lib/jvm/java-7-openjdk-amd64/jre/lib/sunrsasign.jar:/usr/lib/jvm/java-7-openjdk-amd64/jre/lib/jsse.jar:/usr/lib/jvm/java-7-openjdk-amd64/jre/lib/jce.jar:/usr/lib/jvm/java-7-openjdk-amd64/jre/lib/charsets.jar:/usr/lib/jvm/java-7-openjdk-amd64/jre/lib/rhino.jar:/usr/lib/jvm/java-7-openjdk-amd64/jre/lib/jfr.jar:/usr/lib/jvm/java-7-openjdk-amd64/jre/classes
	sun.boot.library.path = /usr/lib/jvm/java-7-openjdk-amd64/jre/lib/amd64
	sun.cpu.endian = little
	sun.cpu.isalist = 
	sun.desktop = gnome
	sun.io.unicode.encoding = UnicodeLittle
	sun.java.command = org.jboss.modules.Main -mp /home/prasanna0586/jbossServer-eap-6.3/jboss-eap-6.3/modules -jaxpmodule javax.xml.jaxp-provider org.jboss.as.standalone -b localhost --server-config=standalone.xml -Djboss.server.base.dir=/home/prasanna0586/jbossServer-eap-6.3/jboss-eap-6.3/standalone
	sun.java.launcher = SUN_STANDARD
	sun.jnu.encoding = UTF-8
	sun.management.compiler = HotSpot 64-Bit Tiered Compilers
	sun.os.patch.level = unknown
	sun.rmi.dgc.client.gcInterval = 3600000
	sun.rmi.dgc.server.gcInterval = 3600000
	user.country = US
	user.dir = /home/prasanna0586/jbossServer-eap-6.3/jboss-eap-6.3/bin
	user.home = /home/prasanna0586
	user.language = en
	user.name = prasanna0586
	user.timezone = Asia/Kolkata
13:28:18,630 DEBUG [org.jboss.as.config] (MSC service thread 1-6) VM Arguments: -Dprogram.name=JBossTools: JBoss Enterprise Application Platform 6.1+ -Xms1024m -Xmx1024m -XX:MaxPermSize=256m -Dorg.jboss.resolver.warning=true -Djava.net.preferIPv4Stack=true -Dsun.rmi.dgc.client.gcInterval=3600000 -Dsun.rmi.dgc.server.gcInterval=3600000 -Djboss.modules.system.pkgs=org.jboss.byteman -Djava.awt.headless=true -Dorg.jboss.boot.log.file=/home/prasanna0586/jbossServer-eap-6.3/jboss-eap-6.3/standalone/log/boot.log -Dlogging.configuration=file:/home/prasanna0586/jbossServer-eap-6.3/jboss-eap-6.3/standalone/configuration/logging.properties -Djboss.home.dir=/home/prasanna0586/jbossServer-eap-6.3/jboss-eap-6.3 -Dorg.jboss.logmanager.nocolor=true -Djboss.bind.address.management=localhost -Dfile.encoding=UTF-8 
13:28:24,008 INFO  [org.jboss.as.server] (Controller Boot Thread) JBAS015888: Creating http management service using socket-binding (management-http)
13:28:24,014 INFO  [org.xnio] (MSC service thread 1-5) XNIO Version 3.0.10.GA-redhat-1
13:28:24,023 INFO  [org.xnio.nio] (MSC service thread 1-5) XNIO NIO Implementation Version 3.0.10.GA-redhat-1
13:28:24,172 INFO  [org.jboss.remoting] (MSC service thread 1-5) JBoss Remoting version (unknown)
13:28:24,247 INFO  [org.jboss.as.security] (ServerService Thread Pool -- 42) JBAS013171: Activating Security Subsystem
13:28:24,250 INFO  [org.jboss.as.clustering.infinispan] (ServerService Thread Pool -- 29) JBAS010280: Activating Infinispan subsystem.
13:28:24,250 INFO  [org.jboss.as.naming] (ServerService Thread Pool -- 37) JBAS011800: Activating Naming Subsystem
13:28:24,258 INFO  [org.jboss.as.webservices] (ServerService Thread Pool -- 46) JBAS015537: Activating WebServices Extension
13:28:24,264 WARN  [org.jboss.as.txn] (ServerService Thread Pool -- 44) JBAS010153: Node identifier property is set to the default value. Please make sure it is unique.
13:28:24,289 INFO  [org.jboss.as.jsf] (ServerService Thread Pool -- 35) JBAS012605: Activated the following JSF Implementations: [main, 1.2]
13:28:24,370 INFO  [org.jboss.as.security] (MSC service thread 1-5) JBAS013170: Current PicketBox version=4.0.19.SP8-redhat-1
13:28:24,399 INFO  [org.jboss.as.connector.logging] (MSC service thread 1-4) JBAS010408: Starting JCA Subsystem (IronJacamar 1.0.26.Final-redhat-1)
13:28:25,466 INFO  [org.jboss.as.naming] (MSC service thread 1-7) JBAS011802: Starting Naming Service
13:28:25,467 INFO  [org.jboss.as.mail.extension] (MSC service thread 1-3) JBAS015400: Bound mail session [java:jboss/mail/Default]
13:28:25,968 INFO  [org.jboss.as.connector.subsystems.datasources] (ServerService Thread Pool -- 25) JBAS010403: Deploying JDBC-compliant driver class org.h2.Driver (version 1.3)
13:28:26,484 INFO  [org.apache.coyote.http11.Http11Protocol] (MSC service thread 1-6) JBWEB003001: Coyote HTTP/1.1 initializing on : http-localhost/127.0.0.1:8080
13:28:26,488 INFO  [org.apache.coyote.http11.Http11Protocol] (MSC service thread 1-6) JBWEB003000: Coyote HTTP/1.1 starting on: http-localhost/127.0.0.1:8080
13:28:26,901 INFO  [org.jboss.as.connector.subsystems.datasources] (MSC service thread 1-1) JBAS010400: Bound data source [java:jboss/datasources/ExampleDS]
13:28:30,597 INFO  [org.jboss.ws.common.management] (MSC service thread 1-4) JBWS022052: Starting JBoss Web Services - Stack CXF Server 4.3.0.Final-redhat-3
13:28:30,686 INFO  [org.jboss.as.server.deployment] (MSC service thread 1-5) JBAS015876: Starting deployment of "RestSampleApplicationEAR.ear" (runtime-name: "RestSampleApplicationEAR.ear")
13:28:30,688 INFO  [org.jboss.as.server.deployment.scanner] (MSC service thread 1-4) JBAS015012: Started FileSystemDeploymentService for directory /home/prasanna0586/jbossServer-eap-6.3/jboss-eap-6.3/standalone/deployments
13:28:30,795 INFO  [org.jboss.as.remoting] (MSC service thread 1-6) JBAS017100: Listening on 127.0.0.1:9999
13:28:30,795 INFO  [org.jboss.as.remoting] (MSC service thread 1-3) JBAS017100: Listening on 127.0.0.1:4447
13:28:30,976 INFO  [org.jboss.as.server.deployment] (MSC service thread 1-3) JBAS015876: Starting deployment of "null" (runtime-name: "RestSampleApplication.war")
13:28:32,856 INFO  [org.jboss.web] (ServerService Thread Pool -- 48) JBAS018210: Register web context: /RestSampleApplication
13:28:33,863 INFO  [org.jboss.as.server] (ServerService Thread Pool -- 26) JBAS018559: Deployed "RestSampleApplicationEAR.ear" (runtime-name : "RestSampleApplicationEAR.ear")
13:28:34,035 INFO  [org.jboss.as] (Controller Boot Thread) JBAS015961: Http management interface listening on http://127.0.0.1:9990/management
13:28:34,036 INFO  [org.jboss.as] (Controller Boot Thread) JBAS015951: Admin console listening on http://127.0.0.1:9990
13:28:34,037 INFO  [org.jboss.as] (Controller Boot Thread) JBAS015874: JBoss EAP 6.3.0.GA (AS 7.4.0.Final-redhat-19) started in 19014ms - Started 223 of 261 services (61 services are lazy, passive or on-demand)
13:42:14,532 INFO  [org.jboss.as.connector.subsystems.datasources] (MSC service thread 1-4) JBAS010409: Unbound data source [java:jboss/datasources/ExampleDS]
13:42:14,537 INFO  [org.jboss.web] (ServerService Thread Pool -- 51) JBAS018224: Unregister web context: /RestSampleApplication
13:42:14,540 INFO  [org.apache.catalina.core] (MSC service thread 1-8) JBWEB001079: Container org.apache.catalina.core.ContainerBase.[jboss.web].[default-host].[/] has not been started
13:42:14,649 INFO  [org.jboss.as.server.deployment] (MSC service thread 1-2) JBAS015877: Stopped deployment null (runtime-name: RestSampleApplication.war) in 126ms
13:42:14,652 INFO  [org.jboss.as.server.deployment] (MSC service thread 1-7) JBAS015877: Stopped deployment RestSampleApplicationEAR.ear (runtime-name: RestSampleApplicationEAR.ear) in 138ms
13:42:15,518 INFO  [org.apache.coyote.http11.Http11Protocol] (MSC service thread 1-6) JBWEB003075: Coyote HTTP/1.1 pausing on: http-localhost/127.0.0.1:8080
13:42:15,520 INFO  [org.apache.coyote.http11.Http11Protocol] (MSC service thread 1-6) JBWEB003077: Coyote HTTP/1.1 stopping on : http-localhost/127.0.0.1:8080
13:42:15,540 INFO  [org.jboss.as] (MSC service thread 1-2) JBAS015950: JBoss EAP 6.3.0.GA (AS 7.4.0.Final-redhat-19) stopped in 1008ms
13:42:54,677 INFO  [org.jboss.modules] (main) JBoss Modules version 1.3.3.Final-redhat-1
13:42:55,008 INFO  [org.jboss.msc] (main) JBoss MSC version 1.1.5.Final-redhat-1
13:42:55,111 INFO  [org.jboss.as] (MSC service thread 1-8) JBAS015899: JBoss EAP 6.3.0.GA (AS 7.4.0.Final-redhat-19) starting
13:42:55,120 DEBUG [org.jboss.as.config] (MSC service thread 1-8) Configured system properties:
	awt.toolkit = sun.awt.X11.XToolkit
	file.encoding = UTF-8
	file.encoding.pkg = sun.io
	file.separator = /
	java.awt.graphicsenv = sun.awt.X11GraphicsEnvironment
	java.awt.headless = true
	java.awt.printerjob = sun.print.PSPrinterJob
	java.class.path = /home/prasanna0586/jbossServer-eap-6.3/jboss-eap-6.3/jboss-modules.jar
	java.class.version = 51.0
	java.endorsed.dirs = /usr/lib/jvm/java-7-openjdk-amd64/jre/lib/endorsed
	java.ext.dirs = /usr/lib/jvm/java-7-openjdk-amd64/jre/lib/ext:/usr/java/packages/lib/ext
	java.home = /usr/lib/jvm/java-7-openjdk-amd64/jre
	java.io.tmpdir = /tmp
	java.library.path = /usr/java/packages/lib/amd64:/usr/lib/x86_64-linux-gnu/jni:/lib/x86_64-linux-gnu:/usr/lib/x86_64-linux-gnu:/usr/lib/jni:/lib:/usr/lib
	java.net.preferIPv4Stack = true
	java.runtime.name = OpenJDK Runtime Environment
	java.runtime.version = 1.7.0_75-b13
	java.specification.name = Java Platform API Specification
	java.specification.vendor = Oracle Corporation
	java.specification.version = 1.7
	java.util.logging.manager = org.jboss.logmanager.LogManager
	java.vendor = Oracle Corporation
	java.vendor.url = http://java.oracle.com/
	java.vendor.url.bug = http://bugreport.sun.com/bugreport/
	java.version = 1.7.0_75
	java.vm.info = mixed mode
	java.vm.name = OpenJDK 64-Bit Server VM
	java.vm.specification.name = Java Virtual Machine Specification
	java.vm.specification.vendor = Oracle Corporation
	java.vm.specification.version = 1.7
	java.vm.vendor = Oracle Corporation
	java.vm.version = 24.75-b04
	javax.management.builder.initial = org.jboss.as.jmx.PluggableMBeanServerBuilder
	javax.xml.datatype.DatatypeFactory = __redirected.__DatatypeFactory
	javax.xml.parsers.DocumentBuilderFactory = __redirected.__DocumentBuilderFactory
	javax.xml.parsers.SAXParserFactory = __redirected.__SAXParserFactory
	javax.xml.stream.XMLEventFactory = __redirected.__XMLEventFactory
	javax.xml.stream.XMLInputFactory = __redirected.__XMLInputFactory
	javax.xml.stream.XMLOutputFactory = __redirected.__XMLOutputFactory
	javax.xml.transform.TransformerFactory = __redirected.__TransformerFactory
	javax.xml.validation.SchemaFactory:http://www.w3.org/2001/XMLSchema = __redirected.__SchemaFactory
	javax.xml.xpath.XPathFactory:http://java.sun.com/jaxp/xpath/dom = __redirected.__XPathFactory
	jboss.bind.address = localhost
	jboss.bind.address.management = localhost
	jboss.home.dir = /home/prasanna0586/jbossServer-eap-6.3/jboss-eap-6.3
	jboss.host.name = prasanna
	jboss.modules.dir = /home/prasanna0586/jbossServer-eap-6.3/jboss-eap-6.3/modules
	jboss.modules.system.pkgs = org.jboss.byteman
	jboss.node.name = prasanna
	jboss.qualified.host.name = prasanna
	jboss.server.base.dir = /home/prasanna0586/jbossServer-eap-6.3/jboss-eap-6.3/standalone
	jboss.server.config.dir = /home/prasanna0586/jbossServer-eap-6.3/jboss-eap-6.3/standalone/configuration
	jboss.server.data.dir = /home/prasanna0586/jbossServer-eap-6.3/jboss-eap-6.3/standalone/data
	jboss.server.deploy.dir = /home/prasanna0586/jbossServer-eap-6.3/jboss-eap-6.3/standalone/data/content
	jboss.server.log.dir = /home/prasanna0586/jbossServer-eap-6.3/jboss-eap-6.3/standalone/log
	jboss.server.name = prasanna
	jboss.server.persist.config = true
	jboss.server.temp.dir = /home/prasanna0586/jbossServer-eap-6.3/jboss-eap-6.3/standalone/tmp
	line.separator = 

	logging.configuration = file:/home/prasanna0586/jbossServer-eap-6.3/jboss-eap-6.3/standalone/configuration/logging.properties
	module.path = /home/prasanna0586/jbossServer-eap-6.3/jboss-eap-6.3/modules
	org.jboss.boot.log.file = /home/prasanna0586/jbossServer-eap-6.3/jboss-eap-6.3/standalone/log/boot.log
	org.jboss.logmanager.nocolor = true
	org.jboss.resolver.warning = true
	org.xml.sax.driver = __redirected.__XMLReaderFactory
	os.arch = amd64
	os.name = Linux
	os.version = 3.13.0-48-generic
	path.separator = :
	program.name = JBossTools: JBoss Enterprise Application Platform 6.1+
	sun.arch.data.model = 64
	sun.boot.class.path = /usr/lib/jvm/java-7-openjdk-amd64/jre/lib/resources.jar:/usr/lib/jvm/java-7-openjdk-amd64/jre/lib/rt.jar:/usr/lib/jvm/java-7-openjdk-amd64/jre/lib/sunrsasign.jar:/usr/lib/jvm/java-7-openjdk-amd64/jre/lib/jsse.jar:/usr/lib/jvm/java-7-openjdk-amd64/jre/lib/jce.jar:/usr/lib/jvm/java-7-openjdk-amd64/jre/lib/charsets.jar:/usr/lib/jvm/java-7-openjdk-amd64/jre/lib/rhino.jar:/usr/lib/jvm/java-7-openjdk-amd64/jre/lib/jfr.jar:/usr/lib/jvm/java-7-openjdk-amd64/jre/classes
	sun.boot.library.path = /usr/lib/jvm/java-7-openjdk-amd64/jre/lib/amd64
	sun.cpu.endian = little
	sun.cpu.isalist = 
	sun.desktop = gnome
	sun.io.unicode.encoding = UnicodeLittle
	sun.java.command = org.jboss.modules.Main -mp /home/prasanna0586/jbossServer-eap-6.3/jboss-eap-6.3/modules -jaxpmodule javax.xml.jaxp-provider org.jboss.as.standalone -b localhost --server-config=standalone.xml -Djboss.server.base.dir=/home/prasanna0586/jbossServer-eap-6.3/jboss-eap-6.3/standalone
	sun.java.launcher = SUN_STANDARD
	sun.jnu.encoding = UTF-8
	sun.management.compiler = HotSpot 64-Bit Tiered Compilers
	sun.os.patch.level = unknown
	sun.rmi.dgc.client.gcInterval = 3600000
	sun.rmi.dgc.server.gcInterval = 3600000
	user.country = US
	user.dir = /home/prasanna0586/jbossServer-eap-6.3/jboss-eap-6.3/bin
	user.home = /home/prasanna0586
	user.language = en
	user.name = prasanna0586
	user.timezone = Asia/Kolkata
13:42:55,123 DEBUG [org.jboss.as.config] (MSC service thread 1-8) VM Arguments: -Dprogram.name=JBossTools: JBoss Enterprise Application Platform 6.1+ -Xms1024m -Xmx1024m -XX:MaxPermSize=256m -Dorg.jboss.resolver.warning=true -Djava.net.preferIPv4Stack=true -Dsun.rmi.dgc.client.gcInterval=3600000 -Dsun.rmi.dgc.server.gcInterval=3600000 -Djboss.modules.system.pkgs=org.jboss.byteman -Djava.awt.headless=true -Dorg.jboss.boot.log.file=/home/prasanna0586/jbossServer-eap-6.3/jboss-eap-6.3/standalone/log/boot.log -Dlogging.configuration=file:/home/prasanna0586/jbossServer-eap-6.3/jboss-eap-6.3/standalone/configuration/logging.properties -Djboss.home.dir=/home/prasanna0586/jbossServer-eap-6.3/jboss-eap-6.3 -Dorg.jboss.logmanager.nocolor=true -Djboss.bind.address.management=localhost -Dfile.encoding=UTF-8 
13:42:56,337 INFO  [org.xnio] (MSC service thread 1-5) XNIO Version 3.0.10.GA-redhat-1
13:42:56,340 INFO  [org.jboss.as.server] (Controller Boot Thread) JBAS015888: Creating http management service using socket-binding (management-http)
13:42:56,343 INFO  [org.xnio.nio] (MSC service thread 1-5) XNIO NIO Implementation Version 3.0.10.GA-redhat-1
13:42:56,362 INFO  [org.jboss.remoting] (MSC service thread 1-5) JBoss Remoting version (unknown)
13:42:56,396 INFO  [org.jboss.as.clustering.infinispan] (ServerService Thread Pool -- 29) JBAS010280: Activating Infinispan subsystem.
13:42:56,431 INFO  [org.jboss.as.connector.logging] (MSC service thread 1-8) JBAS010408: Starting JCA Subsystem (IronJacamar 1.0.26.Final-redhat-1)
13:42:56,445 INFO  [org.jboss.as.jsf] (ServerService Thread Pool -- 35) JBAS012605: Activated the following JSF Implementations: [main, 1.2]
13:42:56,470 INFO  [org.jboss.as.naming] (ServerService Thread Pool -- 37) JBAS011800: Activating Naming Subsystem
13:42:56,492 INFO  [org.jboss.as.security] (ServerService Thread Pool -- 42) JBAS013171: Activating Security Subsystem
13:42:56,507 WARN  [org.jboss.as.txn] (ServerService Thread Pool -- 44) JBAS010153: Node identifier property is set to the default value. Please make sure it is unique.
13:42:56,513 INFO  [org.jboss.as.security] (MSC service thread 1-5) JBAS013170: Current PicketBox version=4.0.19.SP8-redhat-1
13:42:56,562 INFO  [org.jboss.as.naming] (MSC service thread 1-2) JBAS011802: Starting Naming Service
13:42:56,574 INFO  [org.jboss.as.webservices] (ServerService Thread Pool -- 46) JBAS015537: Activating WebServices Extension
13:42:56,570 INFO  [org.jboss.as.connector.subsystems.datasources] (ServerService Thread Pool -- 25) JBAS010403: Deploying JDBC-compliant driver class org.h2.Driver (version 1.3)
13:42:56,593 INFO  [org.jboss.as.mail.extension] (MSC service thread 1-3) JBAS015400: Bound mail session [java:jboss/mail/Default]
13:42:57,092 INFO  [org.apache.coyote.http11.Http11Protocol] (MSC service thread 1-6) JBWEB003001: Coyote HTTP/1.1 initializing on : http-localhost/127.0.0.1:8080
13:42:57,151 INFO  [org.apache.coyote.http11.Http11Protocol] (MSC service thread 1-6) JBWEB003000: Coyote HTTP/1.1 starting on: http-localhost/127.0.0.1:8080
13:42:57,332 INFO  [org.jboss.ws.common.management] (MSC service thread 1-4) JBWS022052: Starting JBoss Web Services - Stack CXF Server 4.3.0.Final-redhat-3
13:42:57,362 INFO  [org.jboss.as.connector.subsystems.datasources] (MSC service thread 1-1) JBAS010400: Bound data source [java:jboss/datasources/ExampleDS]
13:42:57,458 INFO  [org.jboss.as.remoting] (MSC service thread 1-3) JBAS017100: Listening on 127.0.0.1:9999
13:42:57,459 INFO  [org.jboss.as.remoting] (MSC service thread 1-7) JBAS017100: Listening on 127.0.0.1:4447
13:42:57,504 INFO  [org.jboss.as.server.deployment] (MSC service thread 1-7) JBAS015876: Starting deployment of "RestSampleApplicationEAR.ear" (runtime-name: "RestSampleApplicationEAR.ear")
13:42:57,505 INFO  [org.jboss.as.server.deployment.scanner] (MSC service thread 1-6) JBAS015012: Started FileSystemDeploymentService for directory /home/prasanna0586/jbossServer-eap-6.3/jboss-eap-6.3/standalone/deployments
13:42:57,650 INFO  [org.jboss.as.server.deployment] (MSC service thread 1-6) JBAS015876: Starting deployment of "null" (runtime-name: "RestSampleApplication.war")
13:42:58,841 INFO  [org.jboss.web] (ServerService Thread Pool -- 52) JBAS018210: Register web context: /RestSampleApplication
13:42:59,606 INFO  [org.jboss.as.server] (ServerService Thread Pool -- 26) JBAS018559: Deployed "RestSampleApplicationEAR.ear" (runtime-name : "RestSampleApplicationEAR.ear")
13:42:59,759 INFO  [org.jboss.as] (Controller Boot Thread) JBAS015961: Http management interface listening on http://127.0.0.1:9990/management
13:42:59,760 INFO  [org.jboss.as] (Controller Boot Thread) JBAS015951: Admin console listening on http://127.0.0.1:9990
13:42:59,761 INFO  [org.jboss.as] (Controller Boot Thread) JBAS015874: JBoss EAP 6.3.0.GA (AS 7.4.0.Final-redhat-19) started in 5570ms - Started 223 of 261 services (61 services are lazy, passive or on-demand)
13:43:12,796 INFO  [stdout] (http-localhost/127.0.0.1:8080-1) Inside getText service
13:45:02,580 INFO  [stdout] (http-localhost/127.0.0.1:8080-1) Inside postText service
13:46:38,862 INFO  [stdout] (http-localhost/127.0.0.1:8080-1) Inside getHtml service
14:19:36,397 INFO  [org.jboss.web] (ServerService Thread Pool -- 53) JBAS018224: Unregister web context: /RestSampleApplication
14:19:36,404 INFO  [org.apache.catalina.core] (MSC service thread 1-3) JBWEB001079: Container org.apache.catalina.core.ContainerBase.[jboss.web].[default-host].[/] has not been started
14:19:36,409 INFO  [org.jboss.as.connector.subsystems.datasources] (MSC service thread 1-8) JBAS010409: Unbound data source [java:jboss/datasources/ExampleDS]
14:19:36,416 INFO  [org.apache.coyote.http11.Http11Protocol] (MSC service thread 1-8) JBWEB003075: Coyote HTTP/1.1 pausing on: http-localhost/127.0.0.1:8080
14:19:36,416 INFO  [org.apache.coyote.http11.Http11Protocol] (MSC service thread 1-8) JBWEB003077: Coyote HTTP/1.1 stopping on : http-localhost/127.0.0.1:8080
14:19:36,496 INFO  [org.jboss.as.server.deployment] (MSC service thread 1-5) JBAS015877: Stopped deployment null (runtime-name: RestSampleApplication.war) in 85ms
14:19:36,499 INFO  [org.jboss.as.server.deployment] (MSC service thread 1-7) JBAS015877: Stopped deployment RestSampleApplicationEAR.ear (runtime-name: RestSampleApplicationEAR.ear) in 87ms
14:19:36,515 INFO  [org.jboss.as] (MSC service thread 1-3) JBAS015950: JBoss EAP 6.3.0.GA (AS 7.4.0.Final-redhat-19) stopped in 64ms
14:20:00,668 INFO  [org.jboss.modules] (main) JBoss Modules version 1.3.3.Final-redhat-1
14:20:01,004 INFO  [org.jboss.msc] (main) JBoss MSC version 1.1.5.Final-redhat-1
14:20:01,136 INFO  [org.jboss.as] (MSC service thread 1-8) JBAS015899: JBoss EAP 6.3.0.GA (AS 7.4.0.Final-redhat-19) starting
14:20:01,143 DEBUG [org.jboss.as.config] (MSC service thread 1-8) Configured system properties:
	awt.toolkit = sun.awt.X11.XToolkit
	file.encoding = UTF-8
	file.encoding.pkg = sun.io
	file.separator = /
	java.awt.graphicsenv = sun.awt.X11GraphicsEnvironment
	java.awt.headless = true
	java.awt.printerjob = sun.print.PSPrinterJob
	java.class.path = /home/prasanna0586/jbossServer-eap-6.3/jboss-eap-6.3/jboss-modules.jar
	java.class.version = 51.0
	java.endorsed.dirs = /usr/lib/jvm/java-7-openjdk-amd64/jre/lib/endorsed
	java.ext.dirs = /usr/lib/jvm/java-7-openjdk-amd64/jre/lib/ext:/usr/java/packages/lib/ext
	java.home = /usr/lib/jvm/java-7-openjdk-amd64/jre
	java.io.tmpdir = /tmp
	java.library.path = /usr/java/packages/lib/amd64:/usr/lib/x86_64-linux-gnu/jni:/lib/x86_64-linux-gnu:/usr/lib/x86_64-linux-gnu:/usr/lib/jni:/lib:/usr/lib
	java.net.preferIPv4Stack = true
	java.runtime.name = OpenJDK Runtime Environment
	java.runtime.version = 1.7.0_75-b13
	java.specification.name = Java Platform API Specification
	java.specification.vendor = Oracle Corporation
	java.specification.version = 1.7
	java.util.logging.manager = org.jboss.logmanager.LogManager
	java.vendor = Oracle Corporation
	java.vendor.url = http://java.oracle.com/
	java.vendor.url.bug = http://bugreport.sun.com/bugreport/
	java.version = 1.7.0_75
	java.vm.info = mixed mode
	java.vm.name = OpenJDK 64-Bit Server VM
	java.vm.specification.name = Java Virtual Machine Specification
	java.vm.specification.vendor = Oracle Corporation
	java.vm.specification.version = 1.7
	java.vm.vendor = Oracle Corporation
	java.vm.version = 24.75-b04
	javax.management.builder.initial = org.jboss.as.jmx.PluggableMBeanServerBuilder
	javax.xml.datatype.DatatypeFactory = __redirected.__DatatypeFactory
	javax.xml.parsers.DocumentBuilderFactory = __redirected.__DocumentBuilderFactory
	javax.xml.parsers.SAXParserFactory = __redirected.__SAXParserFactory
	javax.xml.stream.XMLEventFactory = __redirected.__XMLEventFactory
	javax.xml.stream.XMLInputFactory = __redirected.__XMLInputFactory
	javax.xml.stream.XMLOutputFactory = __redirected.__XMLOutputFactory
	javax.xml.transform.TransformerFactory = __redirected.__TransformerFactory
	javax.xml.validation.SchemaFactory:http://www.w3.org/2001/XMLSchema = __redirected.__SchemaFactory
	javax.xml.xpath.XPathFactory:http://java.sun.com/jaxp/xpath/dom = __redirected.__XPathFactory
	jboss.bind.address = localhost
	jboss.bind.address.management = localhost
	jboss.home.dir = /home/prasanna0586/jbossServer-eap-6.3/jboss-eap-6.3
	jboss.host.name = prasanna
	jboss.modules.dir = /home/prasanna0586/jbossServer-eap-6.3/jboss-eap-6.3/modules
	jboss.modules.system.pkgs = org.jboss.byteman
	jboss.node.name = prasanna
	jboss.qualified.host.name = prasanna
	jboss.server.base.dir = /home/prasanna0586/jbossServer-eap-6.3/jboss-eap-6.3/standalone
	jboss.server.config.dir = /home/prasanna0586/jbossServer-eap-6.3/jboss-eap-6.3/standalone/configuration
	jboss.server.data.dir = /home/prasanna0586/jbossServer-eap-6.3/jboss-eap-6.3/standalone/data
	jboss.server.deploy.dir = /home/prasanna0586/jbossServer-eap-6.3/jboss-eap-6.3/standalone/data/content
	jboss.server.log.dir = /home/prasanna0586/jbossServer-eap-6.3/jboss-eap-6.3/standalone/log
	jboss.server.name = prasanna
	jboss.server.persist.config = true
	jboss.server.temp.dir = /home/prasanna0586/jbossServer-eap-6.3/jboss-eap-6.3/standalone/tmp
	line.separator = 

	logging.configuration = file:/home/prasanna0586/jbossServer-eap-6.3/jboss-eap-6.3/standalone/configuration/logging.properties
	module.path = /home/prasanna0586/jbossServer-eap-6.3/jboss-eap-6.3/modules
	org.jboss.boot.log.file = /home/prasanna0586/jbossServer-eap-6.3/jboss-eap-6.3/standalone/log/boot.log
	org.jboss.logmanager.nocolor = true
	org.jboss.resolver.warning = true
	org.xml.sax.driver = __redirected.__XMLReaderFactory
	os.arch = amd64
	os.name = Linux
	os.version = 3.13.0-48-generic
	path.separator = :
	program.name = JBossTools: JBoss Enterprise Application Platform 6.1+
	sun.arch.data.model = 64
	sun.boot.class.path = /usr/lib/jvm/java-7-openjdk-amd64/jre/lib/resources.jar:/usr/lib/jvm/java-7-openjdk-amd64/jre/lib/rt.jar:/usr/lib/jvm/java-7-openjdk-amd64/jre/lib/sunrsasign.jar:/usr/lib/jvm/java-7-openjdk-amd64/jre/lib/jsse.jar:/usr/lib/jvm/java-7-openjdk-amd64/jre/lib/jce.jar:/usr/lib/jvm/java-7-openjdk-amd64/jre/lib/charsets.jar:/usr/lib/jvm/java-7-openjdk-amd64/jre/lib/rhino.jar:/usr/lib/jvm/java-7-openjdk-amd64/jre/lib/jfr.jar:/usr/lib/jvm/java-7-openjdk-amd64/jre/classes
	sun.boot.library.path = /usr/lib/jvm/java-7-openjdk-amd64/jre/lib/amd64
	sun.cpu.endian = little
	sun.cpu.isalist = 
	sun.desktop = gnome
	sun.io.unicode.encoding = UnicodeLittle
	sun.java.command = org.jboss.modules.Main -mp /home/prasanna0586/jbossServer-eap-6.3/jboss-eap-6.3/modules -jaxpmodule javax.xml.jaxp-provider org.jboss.as.standalone -b localhost --server-config=standalone.xml -Djboss.server.base.dir=/home/prasanna0586/jbossServer-eap-6.3/jboss-eap-6.3/standalone
	sun.java.launcher = SUN_STANDARD
	sun.jnu.encoding = UTF-8
	sun.management.compiler = HotSpot 64-Bit Tiered Compilers
	sun.os.patch.level = unknown
	sun.rmi.dgc.client.gcInterval = 3600000
	sun.rmi.dgc.server.gcInterval = 3600000
	user.country = US
	user.dir = /home/prasanna0586/jbossServer-eap-6.3/jboss-eap-6.3/bin
	user.home = /home/prasanna0586
	user.language = en
	user.name = prasanna0586
	user.timezone = Asia/Kolkata
14:20:01,147 DEBUG [org.jboss.as.config] (MSC service thread 1-8) VM Arguments: -Dprogram.name=JBossTools: JBoss Enterprise Application Platform 6.1+ -Xms1024m -Xmx1024m -XX:MaxPermSize=256m -Dorg.jboss.resolver.warning=true -Djava.net.preferIPv4Stack=true -Dsun.rmi.dgc.client.gcInterval=3600000 -Dsun.rmi.dgc.server.gcInterval=3600000 -Djboss.modules.system.pkgs=org.jboss.byteman -Djava.awt.headless=true -Dorg.jboss.boot.log.file=/home/prasanna0586/jbossServer-eap-6.3/jboss-eap-6.3/standalone/log/boot.log -Dlogging.configuration=file:/home/prasanna0586/jbossServer-eap-6.3/jboss-eap-6.3/standalone/configuration/logging.properties -Djboss.home.dir=/home/prasanna0586/jbossServer-eap-6.3/jboss-eap-6.3 -Dorg.jboss.logmanager.nocolor=true -Djboss.bind.address.management=localhost -Dfile.encoding=UTF-8 
14:20:02,347 INFO  [org.xnio] (MSC service thread 1-4) XNIO Version 3.0.10.GA-redhat-1
14:20:02,350 INFO  [org.jboss.as.server] (Controller Boot Thread) JBAS015888: Creating http management service using socket-binding (management-http)
14:20:02,353 INFO  [org.xnio.nio] (MSC service thread 1-4) XNIO NIO Implementation Version 3.0.10.GA-redhat-1
14:20:02,372 INFO  [org.jboss.remoting] (MSC service thread 1-4) JBoss Remoting version (unknown)
14:20:02,407 INFO  [org.jboss.as.clustering.infinispan] (ServerService Thread Pool -- 29) JBAS010280: Activating Infinispan subsystem.
14:20:02,456 INFO  [org.jboss.as.naming] (ServerService Thread Pool -- 37) JBAS011800: Activating Naming Subsystem
14:20:02,462 INFO  [org.jboss.as.security] (ServerService Thread Pool -- 42) JBAS013171: Activating Security Subsystem
14:20:02,485 WARN  [org.jboss.as.txn] (ServerService Thread Pool -- 44) JBAS010153: Node identifier property is set to the default value. Please make sure it is unique.
14:20:02,486 INFO  [org.jboss.as.jsf] (ServerService Thread Pool -- 35) JBAS012605: Activated the following JSF Implementations: [main, 1.2]
14:20:02,515 INFO  [org.jboss.as.security] (MSC service thread 1-5) JBAS013170: Current PicketBox version=4.0.19.SP8-redhat-1
14:20:02,519 INFO  [org.jboss.as.connector.logging] (MSC service thread 1-7) JBAS010408: Starting JCA Subsystem (IronJacamar 1.0.26.Final-redhat-1)
14:20:02,524 INFO  [org.jboss.as.webservices] (ServerService Thread Pool -- 46) JBAS015537: Activating WebServices Extension
14:20:02,590 INFO  [org.jboss.as.naming] (MSC service thread 1-4) JBAS011802: Starting Naming Service
14:20:02,591 INFO  [org.jboss.as.mail.extension] (MSC service thread 1-7) JBAS015400: Bound mail session [java:jboss/mail/Default]
14:20:02,658 INFO  [org.jboss.as.connector.subsystems.datasources] (ServerService Thread Pool -- 25) JBAS010403: Deploying JDBC-compliant driver class org.h2.Driver (version 1.3)
14:20:03,060 INFO  [org.apache.coyote.http11.Http11Protocol] (MSC service thread 1-6) JBWEB003001: Coyote HTTP/1.1 initializing on : http-localhost/127.0.0.1:8080
14:20:03,105 INFO  [org.apache.coyote.http11.Http11Protocol] (MSC service thread 1-6) JBWEB003000: Coyote HTTP/1.1 starting on: http-localhost/127.0.0.1:8080
14:20:03,329 INFO  [org.jboss.ws.common.management] (MSC service thread 1-1) JBWS022052: Starting JBoss Web Services - Stack CXF Server 4.3.0.Final-redhat-3
14:20:03,422 INFO  [org.jboss.as.connector.subsystems.datasources] (MSC service thread 1-7) JBAS010400: Bound data source [java:jboss/datasources/ExampleDS]
14:20:03,534 INFO  [org.jboss.as.server.deployment.scanner] (MSC service thread 1-1) JBAS015012: Started FileSystemDeploymentService for directory /home/prasanna0586/jbossServer-eap-6.3/jboss-eap-6.3/standalone/deployments
14:20:03,541 INFO  [org.jboss.as.remoting] (MSC service thread 1-2) JBAS017100: Listening on 127.0.0.1:9999
14:20:03,541 INFO  [org.jboss.as.remoting] (MSC service thread 1-8) JBAS017100: Listening on 127.0.0.1:4447
14:20:03,544 INFO  [org.jboss.as.server.deployment] (MSC service thread 1-5) JBAS015876: Starting deployment of "RestSampleApplicationEAR.ear" (runtime-name: "RestSampleApplicationEAR.ear")
14:20:03,716 INFO  [org.jboss.as.server.deployment] (MSC service thread 1-6) JBAS015876: Starting deployment of "null" (runtime-name: "RestSampleApplication.war")
14:20:05,157 INFO  [org.jboss.web] (ServerService Thread Pool -- 48) JBAS018210: Register web context: /RestSampleApplication
14:20:05,579 ERROR [org.apache.catalina.core.ContainerBase.[jboss.web].[default-host].[/RestSampleApplication]] (ServerService Thread Pool -- 48) JBWEB000289: Servlet Jersey REST Service threw load() exception: java.lang.ClassNotFoundException: org.jvnet.mimepull.MIMEParsingException from [Module "deployment.RestSampleApplicationEAR.ear.RestSampleApplication.war:main" from Service Module Loader]
	at org.jboss.modules.ModuleClassLoader.findClass(ModuleClassLoader.java:213) [jboss-modules.jar:1.3.3.Final-redhat-1]
	at org.jboss.modules.ConcurrentClassLoader.performLoadClassUnchecked(ConcurrentClassLoader.java:459) [jboss-modules.jar:1.3.3.Final-redhat-1]
	at org.jboss.modules.ConcurrentClassLoader.performLoadClassChecked(ConcurrentClassLoader.java:408) [jboss-modules.jar:1.3.3.Final-redhat-1]
	at org.jboss.modules.ConcurrentClassLoader.performLoadClass(ConcurrentClassLoader.java:389) [jboss-modules.jar:1.3.3.Final-redhat-1]
	at org.jboss.modules.ConcurrentClassLoader.loadClass(ConcurrentClassLoader.java:134) [jboss-modules.jar:1.3.3.Final-redhat-1]
	at java.lang.Class.getDeclaredMethods0(Native Method) [rt.jar:1.7.0_75]
	at java.lang.Class.privateGetDeclaredMethods(Class.java:2615) [rt.jar:1.7.0_75]
	at java.lang.Class.getDeclaredMethods(Class.java:1860) [rt.jar:1.7.0_75]
	at org.glassfish.jersey.server.model.IntrospectionModeller$2.run(IntrospectionModeller.java:236) [jersey-server.jar:]
	at java.security.AccessController.doPrivileged(Native Method) [rt.jar:1.7.0_75]
	at org.glassfish.jersey.server.model.IntrospectionModeller.getAllDeclaredMethods(IntrospectionModeller.java:230) [jersey-server.jar:]
	at org.glassfish.jersey.server.model.IntrospectionModeller.checkForNonPublicMethodIssues(IntrospectionModeller.java:170) [jersey-server.jar:]
	at org.glassfish.jersey.server.model.IntrospectionModeller.doCreateResourceBuilder(IntrospectionModeller.java:118) [jersey-server.jar:]
	at org.glassfish.jersey.server.model.IntrospectionModeller.access$000(IntrospectionModeller.java:80) [jersey-server.jar:]
	at org.glassfish.jersey.server.model.IntrospectionModeller$1.call(IntrospectionModeller.java:111) [jersey-server.jar:]
	at org.glassfish.jersey.server.model.IntrospectionModeller$1.call(IntrospectionModeller.java:108) [jersey-server.jar:]
	at org.glassfish.jersey.internal.Errors.process(Errors.java:315) [jersey-common.jar:]
	at org.glassfish.jersey.internal.Errors.process(Errors.java:297) [jersey-common.jar:]
	at org.glassfish.jersey.internal.Errors.processWithException(Errors.java:255) [jersey-common.jar:]
	at org.glassfish.jersey.server.model.IntrospectionModeller.createResourceBuilder(IntrospectionModeller.java:108) [jersey-server.jar:]
	at org.glassfish.jersey.server.model.Resource.from(Resource.java:744) [jersey-server.jar:]
	at org.glassfish.jersey.server.ApplicationHandler.initialize(ApplicationHandler.java:438) [jersey-server.jar:]
	at org.glassfish.jersey.server.ApplicationHandler.access$500(ApplicationHandler.java:166) [jersey-server.jar:]
	at org.glassfish.jersey.server.ApplicationHandler$3.run(ApplicationHandler.java:327) [jersey-server.jar:]
	at org.glassfish.jersey.internal.Errors$2.call(Errors.java:289) [jersey-common.jar:]
	at org.glassfish.jersey.internal.Errors$2.call(Errors.java:286) [jersey-common.jar:]
	at org.glassfish.jersey.internal.Errors.process(Errors.java:315) [jersey-common.jar:]
	at org.glassfish.jersey.internal.Errors.process(Errors.java:297) [jersey-common.jar:]
	at org.glassfish.jersey.internal.Errors.processWithException(Errors.java:286) [jersey-common.jar:]
	at org.glassfish.jersey.server.ApplicationHandler.<init>(ApplicationHandler.java:324) [jersey-server.jar:]
	at org.glassfish.jersey.servlet.WebComponent.<init>(WebComponent.java:338) [jersey-container-servlet-core.jar:]
	at org.glassfish.jersey.servlet.ServletContainer.init(ServletContainer.java:171) [jersey-container-servlet-core.jar:]
	at org.glassfish.jersey.servlet.ServletContainer.init(ServletContainer.java:363) [jersey-container-servlet-core.jar:]
	at javax.servlet.GenericServlet.init(GenericServlet.java:242) [jboss-servlet-api_3.0_spec-1.0.2.Final-redhat-1.jar:1.0.2.Final-redhat-1]
	at org.apache.catalina.core.StandardWrapper.loadServlet(StandardWrapper.java:1194) [jbossweb-7.4.8.Final-redhat-4.jar:7.4.8.Final-redhat-4]
	at org.apache.catalina.core.StandardWrapper.load(StandardWrapper.java:1100) [jbossweb-7.4.8.Final-redhat-4.jar:7.4.8.Final-redhat-4]
	at org.apache.catalina.core.StandardContext.loadOnStartup(StandardContext.java:3591) [jbossweb-7.4.8.Final-redhat-4.jar:7.4.8.Final-redhat-4]
	at org.apache.catalina.core.StandardContext.start(StandardContext.java:3798) [jbossweb-7.4.8.Final-redhat-4.jar:7.4.8.Final-redhat-4]
	at org.jboss.as.web.deployment.WebDeploymentService.doStart(WebDeploymentService.java:161) [jboss-as-web-7.4.0.Final-redhat-19.jar:7.4.0.Final-redhat-19]
	at org.jboss.as.web.deployment.WebDeploymentService.access$000(WebDeploymentService.java:59) [jboss-as-web-7.4.0.Final-redhat-19.jar:7.4.0.Final-redhat-19]
	at org.jboss.as.web.deployment.WebDeploymentService$1.run(WebDeploymentService.java:94) [jboss-as-web-7.4.0.Final-redhat-19.jar:7.4.0.Final-redhat-19]
	at java.util.concurrent.Executors$RunnableAdapter.call(Executors.java:471) [rt.jar:1.7.0_75]
	at java.util.concurrent.FutureTask.run(FutureTask.java:262) [rt.jar:1.7.0_75]
	at java.util.concurrent.ThreadPoolExecutor.runWorker(ThreadPoolExecutor.java:1145) [rt.jar:1.7.0_75]
	at java.util.concurrent.ThreadPoolExecutor$Worker.run(ThreadPoolExecutor.java:615) [rt.jar:1.7.0_75]
	at java.lang.Thread.run(Thread.java:745) [rt.jar:1.7.0_75]
	at org.jboss.threads.JBossThread.run(JBossThread.java:122)

14:20:05,649 INFO  [org.jboss.as.server] (ServerService Thread Pool -- 26) JBAS018559: Deployed "RestSampleApplicationEAR.ear" (runtime-name : "RestSampleApplicationEAR.ear")
14:20:05,771 INFO  [org.jboss.as] (Controller Boot Thread) JBAS015961: Http management interface listening on http://127.0.0.1:9990/management
14:20:05,772 INFO  [org.jboss.as] (Controller Boot Thread) JBAS015951: Admin console listening on http://127.0.0.1:9990
14:20:05,773 INFO  [org.jboss.as] (Controller Boot Thread) JBAS015874: JBoss EAP 6.3.0.GA (AS 7.4.0.Final-redhat-19) started in 5618ms - Started 223 of 261 services (61 services are lazy, passive or on-demand)
14:22:46,893 INFO  [org.jboss.as.connector.subsystems.datasources] (MSC service thread 1-5) JBAS010409: Unbound data source [java:jboss/datasources/ExampleDS]
14:22:46,922 INFO  [org.apache.catalina.core] (MSC service thread 1-7) JBWEB001079: Container org.apache.catalina.core.ContainerBase.[jboss.web].[default-host].[/] has not been started
14:22:46,923 INFO  [org.apache.coyote.http11.Http11Protocol] (MSC service thread 1-4) JBWEB003075: Coyote HTTP/1.1 pausing on: http-localhost/127.0.0.1:8080
14:22:46,923 INFO  [org.apache.coyote.http11.Http11Protocol] (MSC service thread 1-4) JBWEB003077: Coyote HTTP/1.1 stopping on : http-localhost/127.0.0.1:8080
14:22:46,932 INFO  [org.jboss.web] (ServerService Thread Pool -- 51) JBAS018224: Unregister web context: /RestSampleApplication
14:22:47,012 INFO  [org.jboss.as.server.deployment] (MSC service thread 1-3) JBAS015877: Stopped deployment null (runtime-name: RestSampleApplication.war) in 100ms
14:22:47,014 INFO  [org.jboss.as.server.deployment] (MSC service thread 1-7) JBAS015877: Stopped deployment RestSampleApplicationEAR.ear (runtime-name: RestSampleApplicationEAR.ear) in 118ms
14:22:47,021 INFO  [org.jboss.as] (MSC service thread 1-7) JBAS015950: JBoss EAP 6.3.0.GA (AS 7.4.0.Final-redhat-19) stopped in 58ms
14:23:13,895 INFO  [org.jboss.modules] (main) JBoss Modules version 1.3.3.Final-redhat-1
14:23:14,310 INFO  [org.jboss.msc] (main) JBoss MSC version 1.1.5.Final-redhat-1
14:23:14,460 INFO  [org.jboss.as] (MSC service thread 1-6) JBAS015899: JBoss EAP 6.3.0.GA (AS 7.4.0.Final-redhat-19) starting
14:23:14,468 DEBUG [org.jboss.as.config] (MSC service thread 1-6) Configured system properties:
	awt.toolkit = sun.awt.X11.XToolkit
	file.encoding = UTF-8
	file.encoding.pkg = sun.io
	file.separator = /
	java.awt.graphicsenv = sun.awt.X11GraphicsEnvironment
	java.awt.headless = true
	java.awt.printerjob = sun.print.PSPrinterJob
	java.class.path = /home/prasanna0586/jbossServer-eap-6.3/jboss-eap-6.3/jboss-modules.jar
	java.class.version = 51.0
	java.endorsed.dirs = /usr/lib/jvm/java-7-openjdk-amd64/jre/lib/endorsed
	java.ext.dirs = /usr/lib/jvm/java-7-openjdk-amd64/jre/lib/ext:/usr/java/packages/lib/ext
	java.home = /usr/lib/jvm/java-7-openjdk-amd64/jre
	java.io.tmpdir = /tmp
	java.library.path = /usr/java/packages/lib/amd64:/usr/lib/x86_64-linux-gnu/jni:/lib/x86_64-linux-gnu:/usr/lib/x86_64-linux-gnu:/usr/lib/jni:/lib:/usr/lib
	java.net.preferIPv4Stack = true
	java.runtime.name = OpenJDK Runtime Environment
	java.runtime.version = 1.7.0_75-b13
	java.specification.name = Java Platform API Specification
	java.specification.vendor = Oracle Corporation
	java.specification.version = 1.7
	java.util.logging.manager = org.jboss.logmanager.LogManager
	java.vendor = Oracle Corporation
	java.vendor.url = http://java.oracle.com/
	java.vendor.url.bug = http://bugreport.sun.com/bugreport/
	java.version = 1.7.0_75
	java.vm.info = mixed mode
	java.vm.name = OpenJDK 64-Bit Server VM
	java.vm.specification.name = Java Virtual Machine Specification
	java.vm.specification.vendor = Oracle Corporation
	java.vm.specification.version = 1.7
	java.vm.vendor = Oracle Corporation
	java.vm.version = 24.75-b04
	javax.management.builder.initial = org.jboss.as.jmx.PluggableMBeanServerBuilder
	javax.xml.datatype.DatatypeFactory = __redirected.__DatatypeFactory
	javax.xml.parsers.DocumentBuilderFactory = __redirected.__DocumentBuilderFactory
	javax.xml.parsers.SAXParserFactory = __redirected.__SAXParserFactory
	javax.xml.stream.XMLEventFactory = __redirected.__XMLEventFactory
	javax.xml.stream.XMLInputFactory = __redirected.__XMLInputFactory
	javax.xml.stream.XMLOutputFactory = __redirected.__XMLOutputFactory
	javax.xml.transform.TransformerFactory = __redirected.__TransformerFactory
	javax.xml.validation.SchemaFactory:http://www.w3.org/2001/XMLSchema = __redirected.__SchemaFactory
	javax.xml.xpath.XPathFactory:http://java.sun.com/jaxp/xpath/dom = __redirected.__XPathFactory
	jboss.bind.address = localhost
	jboss.bind.address.management = localhost
	jboss.home.dir = /home/prasanna0586/jbossServer-eap-6.3/jboss-eap-6.3
	jboss.host.name = prasanna
	jboss.modules.dir = /home/prasanna0586/jbossServer-eap-6.3/jboss-eap-6.3/modules
	jboss.modules.system.pkgs = org.jboss.byteman
	jboss.node.name = prasanna
	jboss.qualified.host.name = prasanna
	jboss.server.base.dir = /home/prasanna0586/jbossServer-eap-6.3/jboss-eap-6.3/standalone
	jboss.server.config.dir = /home/prasanna0586/jbossServer-eap-6.3/jboss-eap-6.3/standalone/configuration
	jboss.server.data.dir = /home/prasanna0586/jbossServer-eap-6.3/jboss-eap-6.3/standalone/data
	jboss.server.deploy.dir = /home/prasanna0586/jbossServer-eap-6.3/jboss-eap-6.3/standalone/data/content
	jboss.server.log.dir = /home/prasanna0586/jbossServer-eap-6.3/jboss-eap-6.3/standalone/log
	jboss.server.name = prasanna
	jboss.server.persist.config = true
	jboss.server.temp.dir = /home/prasanna0586/jbossServer-eap-6.3/jboss-eap-6.3/standalone/tmp
	line.separator = 

	logging.configuration = file:/home/prasanna0586/jbossServer-eap-6.3/jboss-eap-6.3/standalone/configuration/logging.properties
	module.path = /home/prasanna0586/jbossServer-eap-6.3/jboss-eap-6.3/modules
	org.jboss.boot.log.file = /home/prasanna0586/jbossServer-eap-6.3/jboss-eap-6.3/standalone/log/boot.log
	org.jboss.logmanager.nocolor = true
	org.jboss.resolver.warning = true
	org.xml.sax.driver = __redirected.__XMLReaderFactory
	os.arch = amd64
	os.name = Linux
	os.version = 3.13.0-48-generic
	path.separator = :
	program.name = JBossTools: JBoss Enterprise Application Platform 6.1+
	sun.arch.data.model = 64
	sun.boot.class.path = /usr/lib/jvm/java-7-openjdk-amd64/jre/lib/resources.jar:/usr/lib/jvm/java-7-openjdk-amd64/jre/lib/rt.jar:/usr/lib/jvm/java-7-openjdk-amd64/jre/lib/sunrsasign.jar:/usr/lib/jvm/java-7-openjdk-amd64/jre/lib/jsse.jar:/usr/lib/jvm/java-7-openjdk-amd64/jre/lib/jce.jar:/usr/lib/jvm/java-7-openjdk-amd64/jre/lib/charsets.jar:/usr/lib/jvm/java-7-openjdk-amd64/jre/lib/rhino.jar:/usr/lib/jvm/java-7-openjdk-amd64/jre/lib/jfr.jar:/usr/lib/jvm/java-7-openjdk-amd64/jre/classes
	sun.boot.library.path = /usr/lib/jvm/java-7-openjdk-amd64/jre/lib/amd64
	sun.cpu.endian = little
	sun.cpu.isalist = 
	sun.desktop = gnome
	sun.io.unicode.encoding = UnicodeLittle
	sun.java.command = org.jboss.modules.Main -mp /home/prasanna0586/jbossServer-eap-6.3/jboss-eap-6.3/modules -jaxpmodule javax.xml.jaxp-provider org.jboss.as.standalone -b localhost --server-config=standalone.xml -Djboss.server.base.dir=/home/prasanna0586/jbossServer-eap-6.3/jboss-eap-6.3/standalone
	sun.java.launcher = SUN_STANDARD
	sun.jnu.encoding = UTF-8
	sun.management.compiler = HotSpot 64-Bit Tiered Compilers
	sun.os.patch.level = unknown
	sun.rmi.dgc.client.gcInterval = 3600000
	sun.rmi.dgc.server.gcInterval = 3600000
	user.country = US
	user.dir = /home/prasanna0586/jbossServer-eap-6.3/jboss-eap-6.3/bin
	user.home = /home/prasanna0586
	user.language = en
	user.name = prasanna0586
	user.timezone = Asia/Kolkata
14:23:14,472 DEBUG [org.jboss.as.config] (MSC service thread 1-6) VM Arguments: -Dprogram.name=JBossTools: JBoss Enterprise Application Platform 6.1+ -Xms1024m -Xmx1024m -XX:MaxPermSize=256m -Dorg.jboss.resolver.warning=true -Djava.net.preferIPv4Stack=true -Dsun.rmi.dgc.client.gcInterval=3600000 -Dsun.rmi.dgc.server.gcInterval=3600000 -Djboss.modules.system.pkgs=org.jboss.byteman -Djava.awt.headless=true -Dorg.jboss.boot.log.file=/home/prasanna0586/jbossServer-eap-6.3/jboss-eap-6.3/standalone/log/boot.log -Dlogging.configuration=file:/home/prasanna0586/jbossServer-eap-6.3/jboss-eap-6.3/standalone/configuration/logging.properties -Djboss.home.dir=/home/prasanna0586/jbossServer-eap-6.3/jboss-eap-6.3 -Dorg.jboss.logmanager.nocolor=true -Djboss.bind.address.management=localhost -Dfile.encoding=UTF-8 
14:23:15,971 INFO  [org.xnio] (MSC service thread 1-5) XNIO Version 3.0.10.GA-redhat-1
14:23:15,978 INFO  [org.jboss.as.server] (Controller Boot Thread) JBAS015888: Creating http management service using socket-binding (management-http)
14:23:15,984 INFO  [org.xnio.nio] (MSC service thread 1-5) XNIO NIO Implementation Version 3.0.10.GA-redhat-1
14:23:16,010 INFO  [org.jboss.remoting] (MSC service thread 1-5) JBoss Remoting version (unknown)
14:23:16,075 INFO  [org.jboss.as.clustering.infinispan] (ServerService Thread Pool -- 29) JBAS010280: Activating Infinispan subsystem.
14:23:16,113 INFO  [org.jboss.as.jsf] (ServerService Thread Pool -- 35) JBAS012605: Activated the following JSF Implementations: [main, 1.2]
14:23:16,115 INFO  [org.jboss.as.naming] (ServerService Thread Pool -- 37) JBAS011800: Activating Naming Subsystem
14:23:16,135 WARN  [org.jboss.as.txn] (ServerService Thread Pool -- 44) JBAS010153: Node identifier property is set to the default value. Please make sure it is unique.
14:23:16,159 INFO  [org.jboss.as.security] (ServerService Thread Pool -- 42) JBAS013171: Activating Security Subsystem
14:23:16,204 INFO  [org.jboss.as.webservices] (ServerService Thread Pool -- 46) JBAS015537: Activating WebServices Extension
14:23:16,211 INFO  [org.jboss.as.connector.logging] (MSC service thread 1-4) JBAS010408: Starting JCA Subsystem (IronJacamar 1.0.26.Final-redhat-1)
14:23:16,219 INFO  [org.jboss.as.security] (MSC service thread 1-7) JBAS013170: Current PicketBox version=4.0.19.SP8-redhat-1
14:23:16,253 INFO  [org.jboss.as.connector.subsystems.datasources] (ServerService Thread Pool -- 25) JBAS010403: Deploying JDBC-compliant driver class org.h2.Driver (version 1.3)
14:23:16,334 INFO  [org.jboss.as.naming] (MSC service thread 1-8) JBAS011802: Starting Naming Service
14:23:16,336 INFO  [org.jboss.as.mail.extension] (MSC service thread 1-4) JBAS015400: Bound mail session [java:jboss/mail/Default]
14:23:16,932 INFO  [org.apache.coyote.http11.Http11Protocol] (MSC service thread 1-3) JBWEB003001: Coyote HTTP/1.1 initializing on : http-localhost/127.0.0.1:8080
14:23:16,961 INFO  [org.apache.coyote.http11.Http11Protocol] (MSC service thread 1-3) JBWEB003000: Coyote HTTP/1.1 starting on: http-localhost/127.0.0.1:8080
14:23:17,338 INFO  [org.jboss.ws.common.management] (MSC service thread 1-6) JBWS022052: Starting JBoss Web Services - Stack CXF Server 4.3.0.Final-redhat-3
14:23:17,417 INFO  [org.jboss.as.connector.subsystems.datasources] (MSC service thread 1-3) JBAS010400: Bound data source [java:jboss/datasources/ExampleDS]
14:23:17,636 INFO  [org.jboss.as.remoting] (MSC service thread 1-6) JBAS017100: Listening on 127.0.0.1:4447
14:23:17,636 INFO  [org.jboss.as.remoting] (MSC service thread 1-2) JBAS017100: Listening on 127.0.0.1:9999
14:23:17,668 INFO  [org.jboss.as.server.deployment] (MSC service thread 1-1) JBAS015876: Starting deployment of "RestSampleApplicationEAR.ear" (runtime-name: "RestSampleApplicationEAR.ear")
14:23:17,678 INFO  [org.jboss.as.server.deployment.scanner] (MSC service thread 1-8) JBAS015012: Started FileSystemDeploymentService for directory /home/prasanna0586/jbossServer-eap-6.3/jboss-eap-6.3/standalone/deployments
14:23:17,910 INFO  [org.jboss.as.server.deployment] (MSC service thread 1-2) JBAS015876: Starting deployment of "null" (runtime-name: "RestSampleApplication.war")
14:23:19,514 INFO  [org.jboss.web] (ServerService Thread Pool -- 51) JBAS018210: Register web context: /RestSampleApplication
14:23:20,510 INFO  [org.jboss.as.server] (ServerService Thread Pool -- 26) JBAS018559: Deployed "RestSampleApplicationEAR.ear" (runtime-name : "RestSampleApplicationEAR.ear")
14:23:20,624 INFO  [org.jboss.as] (Controller Boot Thread) JBAS015961: Http management interface listening on http://127.0.0.1:9990/management
14:23:20,625 INFO  [org.jboss.as] (Controller Boot Thread) JBAS015951: Admin console listening on http://127.0.0.1:9990
14:23:20,626 INFO  [org.jboss.as] (Controller Boot Thread) JBAS015874: JBoss EAP 6.3.0.GA (AS 7.4.0.Final-redhat-19) started in 7295ms - Started 223 of 261 services (61 services are lazy, passive or on-demand)
14:25:54,656 ERROR [org.apache.catalina.core.ContainerBase.[jboss.web].[default-host].[/RestSampleApplication].[Jersey REST Service]] (http-localhost/127.0.0.1:8080-1) JBWEB000236: Servlet.service() for servlet Jersey REST Service threw exception: java.lang.IllegalStateException: A descriptor SystemDescriptor(
	implementation=org.glassfish.jersey.server.internal.process.ServerProcessingBinder$CloseableServiceFactory
	contracts={org.glassfish.jersey.server.CloseableService}
	scope=org.glassfish.jersey.process.internal.RequestScoped
	qualifiers={}
	descriptorType=PROVIDE_METHOD
	descriptorVisibility=NORMAL
	metadata=
	rank=0
	loader=org.glassfish.hk2.utilities.binding.AbstractBinder$2@2a67ecd0
	proxiable=true
	proxyForSameScope=false
	analysisName=null
	id=18
	locatorId=0
	identityHashCode=216818032
	reified=true) requires a proxy, but the proxyable library is not on the classpath
	at org.jvnet.hk2.internal.Utilities.createService(Utilities.java:2034) [hk2-locator-2.4.0-b10.jar:]
	at org.jvnet.hk2.internal.ServiceLocatorImpl.internalGetService(ServiceLocatorImpl.java:711) [hk2-locator-2.4.0-b10.jar:]
	at org.jvnet.hk2.internal.ServiceLocatorImpl.getService(ServiceLocatorImpl.java:661) [hk2-locator-2.4.0-b10.jar:]
	at org.jvnet.hk2.internal.IterableProviderImpl.get(IterableProviderImpl.java:108) [hk2-locator-2.4.0-b10.jar:]
	at org.glassfish.jersey.media.multipart.internal.MultiPartReaderServerSide.readMultiPart(MultiPartReaderServerSide.java:92) [jersey-media-multipart-2.17.jar:]
	at org.glassfish.jersey.media.multipart.internal.MultiPartReaderClientSide.readFrom(MultiPartReaderClientSide.java:182) [jersey-media-multipart-2.17.jar:]
	at org.glassfish.jersey.media.multipart.internal.MultiPartReaderClientSide.readFrom(MultiPartReaderClientSide.java:93) [jersey-media-multipart-2.17.jar:]
	at org.glassfish.jersey.message.internal.ReaderInterceptorExecutor$TerminalReaderInterceptor.invokeReadFrom(ReaderInterceptorExecutor.java:260) [jersey-common.jar:]
	at org.glassfish.jersey.message.internal.ReaderInterceptorExecutor$TerminalReaderInterceptor.aroundReadFrom(ReaderInterceptorExecutor.java:236) [jersey-common.jar:]
	at org.glassfish.jersey.message.internal.ReaderInterceptorExecutor.proceed(ReaderInterceptorExecutor.java:156) [jersey-common.jar:]
	at org.glassfish.jersey.server.internal.MappableExceptionWrapperInterceptor.aroundReadFrom(MappableExceptionWrapperInterceptor.java:74) [jersey-server.jar:]
	at org.glassfish.jersey.message.internal.ReaderInterceptorExecutor.proceed(ReaderInterceptorExecutor.java:156) [jersey-common.jar:]
	at org.glassfish.jersey.message.internal.MessageBodyFactory.readFrom(MessageBodyFactory.java:1085) [jersey-common.jar:]
	at org.glassfish.jersey.message.internal.InboundMessageContext.readEntity(InboundMessageContext.java:853) [jersey-common.jar:]
	at org.glassfish.jersey.message.internal.InboundMessageContext.readEntity(InboundMessageContext.java:785) [jersey-common.jar:]
	at org.glassfish.jersey.server.ContainerRequest.readEntity(ContainerRequest.java:233) [jersey-server.jar:]
	at org.glassfish.jersey.media.multipart.internal.FormDataParamValueFactoryProvider$ValueFactory.getEntity(FormDataParamValueFactoryProvider.java:132) [jersey-media-multipart-2.17.jar:]
	at org.glassfish.jersey.media.multipart.internal.FormDataParamValueFactoryProvider$FormDataParamValueFactory.provide(FormDataParamValueFactoryProvider.java:282) [jersey-media-multipart-2.17.jar:]
	at org.glassfish.jersey.server.spi.internal.ParameterValueHelper.getParameterValues(ParameterValueHelper.java:81) [jersey-server.jar:]
	at org.glassfish.jersey.server.model.internal.JavaResourceMethodDispatcherProvider$AbstractMethodParamInvoker.getParamValues(JavaResourceMethodDispatcherProvider.java:125) [jersey-server.jar:]
	at org.glassfish.jersey.server.model.internal.JavaResourceMethodDispatcherProvider$TypeOutInvoker.doDispatch(JavaResourceMethodDispatcherProvider.java:203) [jersey-server.jar:]
	at org.glassfish.jersey.server.model.internal.AbstractJavaResourceMethodDispatcher.dispatch(AbstractJavaResourceMethodDispatcher.java:101) [jersey-server.jar:]
	at org.glassfish.jersey.server.model.ResourceMethodInvoker.invoke(ResourceMethodInvoker.java:389) [jersey-server.jar:]
	at org.glassfish.jersey.server.model.ResourceMethodInvoker.apply(ResourceMethodInvoker.java:347) [jersey-server.jar:]
	at org.glassfish.jersey.server.model.ResourceMethodInvoker.apply(ResourceMethodInvoker.java:102) [jersey-server.jar:]
	at org.glassfish.jersey.server.ServerRuntime$2.run(ServerRuntime.java:305) [jersey-server.jar:]
	at org.glassfish.jersey.internal.Errors$1.call(Errors.java:271) [jersey-common.jar:]
	at org.glassfish.jersey.internal.Errors$1.call(Errors.java:267) [jersey-common.jar:]
	at org.glassfish.jersey.internal.Errors.process(Errors.java:315) [jersey-common.jar:]
	at org.glassfish.jersey.internal.Errors.process(Errors.java:297) [jersey-common.jar:]
	at org.glassfish.jersey.internal.Errors.process(Errors.java:267) [jersey-common.jar:]
	at org.glassfish.jersey.process.internal.RequestScope.runInScope(RequestScope.java:317) [jersey-common.jar:]
	at org.glassfish.jersey.server.ServerRuntime.process(ServerRuntime.java:288) [jersey-server.jar:]
	at org.glassfish.jersey.server.ApplicationHandler.handle(ApplicationHandler.java:1110) [jersey-server.jar:]
	at org.glassfish.jersey.servlet.WebComponent.service(WebComponent.java:401) [jersey-container-servlet-core.jar:]
	at org.glassfish.jersey.servlet.ServletContainer.service(ServletContainer.java:386) [jersey-container-servlet-core.jar:]
	at org.glassfish.jersey.servlet.ServletContainer.service(ServletContainer.java:335) [jersey-container-servlet-core.jar:]
	at org.glassfish.jersey.servlet.ServletContainer.service(ServletContainer.java:222) [jersey-container-servlet-core.jar:]
	at org.apache.catalina.core.ApplicationFilterChain.internalDoFilter(ApplicationFilterChain.java:295) [jbossweb-7.4.8.Final-redhat-4.jar:7.4.8.Final-redhat-4]
	at org.apache.catalina.core.ApplicationFilterChain.doFilter(ApplicationFilterChain.java:214) [jbossweb-7.4.8.Final-redhat-4.jar:7.4.8.Final-redhat-4]
	at org.apache.catalina.core.StandardWrapperValve.invoke(StandardWrapperValve.java:231) [jbossweb-7.4.8.Final-redhat-4.jar:7.4.8.Final-redhat-4]
	at org.apache.catalina.core.StandardContextValve.invoke(StandardContextValve.java:149) [jbossweb-7.4.8.Final-redhat-4.jar:7.4.8.Final-redhat-4]
	at org.apache.catalina.authenticator.AuthenticatorBase.invoke(AuthenticatorBase.java:420) [jbossweb-7.4.8.Final-redhat-4.jar:7.4.8.Final-redhat-4]
	at org.jboss.as.web.security.SecurityContextAssociationValve.invoke(SecurityContextAssociationValve.java:169) [jboss-as-web-7.4.0.Final-redhat-19.jar:7.4.0.Final-redhat-19]
	at org.apache.catalina.core.StandardHostValve.invoke(StandardHostValve.java:145) [jbossweb-7.4.8.Final-redhat-4.jar:7.4.8.Final-redhat-4]
	at org.apache.catalina.valves.ErrorReportValve.invoke(ErrorReportValve.java:97) [jbossweb-7.4.8.Final-redhat-4.jar:7.4.8.Final-redhat-4]
	at org.apache.catalina.core.StandardEngineValve.invoke(StandardEngineValve.java:102) [jbossweb-7.4.8.Final-redhat-4.jar:7.4.8.Final-redhat-4]
	at org.apache.catalina.connector.CoyoteAdapter.service(CoyoteAdapter.java:344) [jbossweb-7.4.8.Final-redhat-4.jar:7.4.8.Final-redhat-4]
	at org.apache.coyote.http11.Http11Processor.process(Http11Processor.java:856) [jbossweb-7.4.8.Final-redhat-4.jar:7.4.8.Final-redhat-4]
	at org.apache.coyote.http11.Http11Protocol$Http11ConnectionHandler.process(Http11Protocol.java:653) [jbossweb-7.4.8.Final-redhat-4.jar:7.4.8.Final-redhat-4]
	at org.apache.tomcat.util.net.JIoEndpoint$Worker.run(JIoEndpoint.java:926) [jbossweb-7.4.8.Final-redhat-4.jar:7.4.8.Final-redhat-4]
	at java.lang.Thread.run(Thread.java:745) [rt.jar:1.7.0_75]

14:32:53,799 INFO  [stdout] (http-localhost/127.0.0.1:8080-1) Inside postText service
14:33:46,494 INFO  [org.apache.coyote.http11.Http11Protocol] (MSC service thread 1-1) JBWEB003075: Coyote HTTP/1.1 pausing on: http-localhost/127.0.0.1:8080
14:33:46,495 INFO  [org.apache.coyote.http11.Http11Protocol] (MSC service thread 1-1) JBWEB003077: Coyote HTTP/1.1 stopping on : http-localhost/127.0.0.1:8080
14:33:46,498 INFO  [org.apache.catalina.core] (MSC service thread 1-4) JBWEB001079: Container org.apache.catalina.core.ContainerBase.[jboss.web].[default-host].[/] has not been started
14:33:46,506 INFO  [org.jboss.as.connector.subsystems.datasources] (MSC service thread 1-1) JBAS010409: Unbound data source [java:jboss/datasources/ExampleDS]
14:33:46,511 INFO  [org.jboss.web] (ServerService Thread Pool -- 53) JBAS018224: Unregister web context: /RestSampleApplication
14:33:46,582 INFO  [org.jboss.as.server.deployment] (MSC service thread 1-7) JBAS015877: Stopped deployment null (runtime-name: RestSampleApplication.war) in 87ms
14:33:46,586 INFO  [org.jboss.as.server.deployment] (MSC service thread 1-1) JBAS015877: Stopped deployment RestSampleApplicationEAR.ear (runtime-name: RestSampleApplicationEAR.ear) in 112ms
14:33:46,593 INFO  [org.jboss.as] (MSC service thread 1-2) JBAS015950: JBoss EAP 6.3.0.GA (AS 7.4.0.Final-redhat-19) stopped in 93ms
14:34:18,016 INFO  [org.jboss.modules] (main) JBoss Modules version 1.3.3.Final-redhat-1
14:34:18,354 INFO  [org.jboss.msc] (main) JBoss MSC version 1.1.5.Final-redhat-1
14:34:18,486 INFO  [org.jboss.as] (MSC service thread 1-6) JBAS015899: JBoss EAP 6.3.0.GA (AS 7.4.0.Final-redhat-19) starting
14:34:18,494 DEBUG [org.jboss.as.config] (MSC service thread 1-6) Configured system properties:
	awt.toolkit = sun.awt.X11.XToolkit
	file.encoding = UTF-8
	file.encoding.pkg = sun.io
	file.separator = /
	java.awt.graphicsenv = sun.awt.X11GraphicsEnvironment
	java.awt.headless = true
	java.awt.printerjob = sun.print.PSPrinterJob
	java.class.path = /home/prasanna0586/jbossServer-eap-6.3/jboss-eap-6.3/jboss-modules.jar
	java.class.version = 51.0
	java.endorsed.dirs = /usr/lib/jvm/java-7-openjdk-amd64/jre/lib/endorsed
	java.ext.dirs = /usr/lib/jvm/java-7-openjdk-amd64/jre/lib/ext:/usr/java/packages/lib/ext
	java.home = /usr/lib/jvm/java-7-openjdk-amd64/jre
	java.io.tmpdir = /tmp
	java.library.path = /usr/java/packages/lib/amd64:/usr/lib/x86_64-linux-gnu/jni:/lib/x86_64-linux-gnu:/usr/lib/x86_64-linux-gnu:/usr/lib/jni:/lib:/usr/lib
	java.net.preferIPv4Stack = true
	java.runtime.name = OpenJDK Runtime Environment
	java.runtime.version = 1.7.0_75-b13
	java.specification.name = Java Platform API Specification
	java.specification.vendor = Oracle Corporation
	java.specification.version = 1.7
	java.util.logging.manager = org.jboss.logmanager.LogManager
	java.vendor = Oracle Corporation
	java.vendor.url = http://java.oracle.com/
	java.vendor.url.bug = http://bugreport.sun.com/bugreport/
	java.version = 1.7.0_75
	java.vm.info = mixed mode
	java.vm.name = OpenJDK 64-Bit Server VM
	java.vm.specification.name = Java Virtual Machine Specification
	java.vm.specification.vendor = Oracle Corporation
	java.vm.specification.version = 1.7
	java.vm.vendor = Oracle Corporation
	java.vm.version = 24.75-b04
	javax.management.builder.initial = org.jboss.as.jmx.PluggableMBeanServerBuilder
	javax.xml.datatype.DatatypeFactory = __redirected.__DatatypeFactory
	javax.xml.parsers.DocumentBuilderFactory = __redirected.__DocumentBuilderFactory
	javax.xml.parsers.SAXParserFactory = __redirected.__SAXParserFactory
	javax.xml.stream.XMLEventFactory = __redirected.__XMLEventFactory
	javax.xml.stream.XMLInputFactory = __redirected.__XMLInputFactory
	javax.xml.stream.XMLOutputFactory = __redirected.__XMLOutputFactory
	javax.xml.transform.TransformerFactory = __redirected.__TransformerFactory
	javax.xml.validation.SchemaFactory:http://www.w3.org/2001/XMLSchema = __redirected.__SchemaFactory
	javax.xml.xpath.XPathFactory:http://java.sun.com/jaxp/xpath/dom = __redirected.__XPathFactory
	jboss.bind.address = localhost
	jboss.bind.address.management = localhost
	jboss.home.dir = /home/prasanna0586/jbossServer-eap-6.3/jboss-eap-6.3
	jboss.host.name = prasanna
	jboss.modules.dir = /home/prasanna0586/jbossServer-eap-6.3/jboss-eap-6.3/modules
	jboss.modules.system.pkgs = org.jboss.byteman
	jboss.node.name = prasanna
	jboss.qualified.host.name = prasanna
	jboss.server.base.dir = /home/prasanna0586/jbossServer-eap-6.3/jboss-eap-6.3/standalone
	jboss.server.config.dir = /home/prasanna0586/jbossServer-eap-6.3/jboss-eap-6.3/standalone/configuration
	jboss.server.data.dir = /home/prasanna0586/jbossServer-eap-6.3/jboss-eap-6.3/standalone/data
	jboss.server.deploy.dir = /home/prasanna0586/jbossServer-eap-6.3/jboss-eap-6.3/standalone/data/content
	jboss.server.log.dir = /home/prasanna0586/jbossServer-eap-6.3/jboss-eap-6.3/standalone/log
	jboss.server.name = prasanna
	jboss.server.persist.config = true
	jboss.server.temp.dir = /home/prasanna0586/jbossServer-eap-6.3/jboss-eap-6.3/standalone/tmp
	line.separator = 

	logging.configuration = file:/home/prasanna0586/jbossServer-eap-6.3/jboss-eap-6.3/standalone/configuration/logging.properties
	module.path = /home/prasanna0586/jbossServer-eap-6.3/jboss-eap-6.3/modules
	org.jboss.boot.log.file = /home/prasanna0586/jbossServer-eap-6.3/jboss-eap-6.3/standalone/log/boot.log
	org.jboss.logmanager.nocolor = true
	org.jboss.resolver.warning = true
	org.xml.sax.driver = __redirected.__XMLReaderFactory
	os.arch = amd64
	os.name = Linux
	os.version = 3.13.0-48-generic
	path.separator = :
	program.name = JBossTools: JBoss Enterprise Application Platform 6.1+
	sun.arch.data.model = 64
	sun.boot.class.path = /usr/lib/jvm/java-7-openjdk-amd64/jre/lib/resources.jar:/usr/lib/jvm/java-7-openjdk-amd64/jre/lib/rt.jar:/usr/lib/jvm/java-7-openjdk-amd64/jre/lib/sunrsasign.jar:/usr/lib/jvm/java-7-openjdk-amd64/jre/lib/jsse.jar:/usr/lib/jvm/java-7-openjdk-amd64/jre/lib/jce.jar:/usr/lib/jvm/java-7-openjdk-amd64/jre/lib/charsets.jar:/usr/lib/jvm/java-7-openjdk-amd64/jre/lib/rhino.jar:/usr/lib/jvm/java-7-openjdk-amd64/jre/lib/jfr.jar:/usr/lib/jvm/java-7-openjdk-amd64/jre/classes
	sun.boot.library.path = /usr/lib/jvm/java-7-openjdk-amd64/jre/lib/amd64
	sun.cpu.endian = little
	sun.cpu.isalist = 
	sun.desktop = gnome
	sun.io.unicode.encoding = UnicodeLittle
	sun.java.command = org.jboss.modules.Main -mp /home/prasanna0586/jbossServer-eap-6.3/jboss-eap-6.3/modules -jaxpmodule javax.xml.jaxp-provider org.jboss.as.standalone -b localhost --server-config=standalone.xml -Djboss.server.base.dir=/home/prasanna0586/jbossServer-eap-6.3/jboss-eap-6.3/standalone
	sun.java.launcher = SUN_STANDARD
	sun.jnu.encoding = UTF-8
	sun.management.compiler = HotSpot 64-Bit Tiered Compilers
	sun.os.patch.level = unknown
	sun.rmi.dgc.client.gcInterval = 3600000
	sun.rmi.dgc.server.gcInterval = 3600000
	user.country = US
	user.dir = /home/prasanna0586/jbossServer-eap-6.3/jboss-eap-6.3/bin
	user.home = /home/prasanna0586
	user.language = en
	user.name = prasanna0586
	user.timezone = Asia/Kolkata
14:34:18,497 DEBUG [org.jboss.as.config] (MSC service thread 1-6) VM Arguments: -Dprogram.name=JBossTools: JBoss Enterprise Application Platform 6.1+ -Xms1024m -Xmx1024m -XX:MaxPermSize=256m -Dorg.jboss.resolver.warning=true -Djava.net.preferIPv4Stack=true -Dsun.rmi.dgc.client.gcInterval=3600000 -Dsun.rmi.dgc.server.gcInterval=3600000 -Djboss.modules.system.pkgs=org.jboss.byteman -Djava.awt.headless=true -Dorg.jboss.boot.log.file=/home/prasanna0586/jbossServer-eap-6.3/jboss-eap-6.3/standalone/log/boot.log -Dlogging.configuration=file:/home/prasanna0586/jbossServer-eap-6.3/jboss-eap-6.3/standalone/configuration/logging.properties -Djboss.home.dir=/home/prasanna0586/jbossServer-eap-6.3/jboss-eap-6.3 -Dorg.jboss.logmanager.nocolor=true -Djboss.bind.address.management=localhost -Dfile.encoding=UTF-8 
14:34:19,685 INFO  [org.xnio] (MSC service thread 1-4) XNIO Version 3.0.10.GA-redhat-1
14:34:19,689 INFO  [org.jboss.as.server] (Controller Boot Thread) JBAS015888: Creating http management service using socket-binding (management-http)
14:34:19,693 INFO  [org.xnio.nio] (MSC service thread 1-4) XNIO NIO Implementation Version 3.0.10.GA-redhat-1
14:34:19,713 INFO  [org.jboss.remoting] (MSC service thread 1-4) JBoss Remoting version (unknown)
14:34:19,742 INFO  [org.jboss.as.clustering.infinispan] (ServerService Thread Pool -- 29) JBAS010280: Activating Infinispan subsystem.
14:34:19,768 INFO  [org.jboss.as.naming] (ServerService Thread Pool -- 37) JBAS011800: Activating Naming Subsystem
14:34:19,782 INFO  [org.jboss.as.jsf] (ServerService Thread Pool -- 35) JBAS012605: Activated the following JSF Implementations: [main, 1.2]
14:34:19,788 INFO  [org.jboss.as.connector.logging] (MSC service thread 1-6) JBAS010408: Starting JCA Subsystem (IronJacamar 1.0.26.Final-redhat-1)
14:34:19,819 WARN  [org.jboss.as.txn] (ServerService Thread Pool -- 44) JBAS010153: Node identifier property is set to the default value. Please make sure it is unique.
14:34:19,838 INFO  [org.jboss.as.security] (ServerService Thread Pool -- 42) JBAS013171: Activating Security Subsystem
14:34:19,858 INFO  [org.jboss.as.naming] (MSC service thread 1-4) JBAS011802: Starting Naming Service
14:34:19,877 INFO  [org.jboss.as.webservices] (ServerService Thread Pool -- 46) JBAS015537: Activating WebServices Extension
14:34:19,886 INFO  [org.jboss.as.security] (MSC service thread 1-7) JBAS013170: Current PicketBox version=4.0.19.SP8-redhat-1
14:34:19,899 INFO  [org.jboss.as.mail.extension] (MSC service thread 1-8) JBAS015400: Bound mail session [java:jboss/mail/Default]
14:34:19,972 INFO  [org.jboss.as.connector.subsystems.datasources] (ServerService Thread Pool -- 25) JBAS010403: Deploying JDBC-compliant driver class org.h2.Driver (version 1.3)
14:34:20,356 INFO  [org.apache.coyote.http11.Http11Protocol] (MSC service thread 1-4) JBWEB003001: Coyote HTTP/1.1 initializing on : http-localhost/127.0.0.1:8080
14:34:20,395 INFO  [org.apache.coyote.http11.Http11Protocol] (MSC service thread 1-4) JBWEB003000: Coyote HTTP/1.1 starting on: http-localhost/127.0.0.1:8080
14:34:20,776 INFO  [org.jboss.ws.common.management] (MSC service thread 1-6) JBWS022052: Starting JBoss Web Services - Stack CXF Server 4.3.0.Final-redhat-3
14:34:20,798 INFO  [org.jboss.as.connector.subsystems.datasources] (MSC service thread 1-6) JBAS010400: Bound data source [java:jboss/datasources/ExampleDS]
14:34:20,802 INFO  [org.jboss.as.server.deployment.scanner] (MSC service thread 1-1) JBAS015012: Started FileSystemDeploymentService for directory /home/prasanna0586/jbossServer-eap-6.3/jboss-eap-6.3/standalone/deployments
14:34:20,821 INFO  [org.jboss.as.remoting] (MSC service thread 1-4) JBAS017100: Listening on 127.0.0.1:9999
14:34:20,822 INFO  [org.jboss.as.remoting] (MSC service thread 1-5) JBAS017100: Listening on 127.0.0.1:4447
14:34:20,832 INFO  [org.jboss.as.server.deployment] (MSC service thread 1-2) JBAS015876: Starting deployment of "RestSampleApplicationEAR.ear" (runtime-name: "RestSampleApplicationEAR.ear")
14:34:21,017 INFO  [org.jboss.as.server.deployment] (MSC service thread 1-1) JBAS015876: Starting deployment of "null" (runtime-name: "RestSampleApplication.war")
14:34:22,833 INFO  [org.jboss.web] (ServerService Thread Pool -- 52) JBAS018210: Register web context: /RestSampleApplication
14:34:23,648 INFO  [org.jboss.as.server] (ServerService Thread Pool -- 26) JBAS018559: Deployed "RestSampleApplicationEAR.ear" (runtime-name : "RestSampleApplicationEAR.ear")
14:34:23,779 INFO  [org.jboss.as] (Controller Boot Thread) JBAS015961: Http management interface listening on http://127.0.0.1:9990/management
14:34:23,780 INFO  [org.jboss.as] (Controller Boot Thread) JBAS015951: Admin console listening on http://127.0.0.1:9990
14:34:23,781 INFO  [org.jboss.as] (Controller Boot Thread) JBAS015874: JBoss EAP 6.3.0.GA (AS 7.4.0.Final-redhat-19) started in 6287ms - Started 223 of 261 services (61 services are lazy, passive or on-demand)
14:42:31,332 INFO  [stdout] (http-localhost/127.0.0.1:8080-1) Inside sendAFormDataMessage service
14:48:14,757 INFO  [stdout] (http-localhost/127.0.0.1:8080-1) Inside getText service
15:09:41,727 INFO  [stdout] (http-localhost/127.0.0.1:8080-4) Inside getText service
15:11:02,037 INFO  [stdout] (http-localhost/127.0.0.1:8080-4) Inside getText service
15:50:07,629 INFO  [org.jboss.web] (ServerService Thread Pool -- 54) JBAS018224: Unregister web context: /RestSampleApplication
15:50:07,881 INFO  [org.jboss.as.server.deployment] (MSC service thread 1-1) JBAS015877: Stopped deployment null (runtime-name: RestSampleApplication.war) in 288ms
15:50:07,884 INFO  [org.jboss.as.server.deployment] (MSC service thread 1-4) JBAS015877: Stopped deployment RestSampleApplicationEAR.ear (runtime-name: RestSampleApplicationEAR.ear) in 301ms
15:50:07,887 INFO  [org.jboss.as.server.deployment] (MSC service thread 1-3) JBAS015876: Starting deployment of "RestSampleApplicationEAR.ear" (runtime-name: "RestSampleApplicationEAR.ear")
15:50:07,946 INFO  [org.jboss.as.server.deployment] (MSC service thread 1-2) JBAS015876: Starting deployment of "null" (runtime-name: "RestSampleApplication.war")
15:50:08,380 INFO  [org.jboss.web] (ServerService Thread Pool -- 58) JBAS018210: Register web context: /RestSampleApplication
15:50:09,183 INFO  [org.jboss.as.server] (DeploymentScanner-threads - 1) JBAS018565: Replaced deployment "RestSampleApplicationEAR.ear" with deployment "RestSampleApplicationEAR.ear"
15:50:19,921 INFO  [org.jboss.web] (ServerService Thread Pool -- 58) JBAS018224: Unregister web context: /RestSampleApplication
15:50:19,924 INFO  [org.apache.catalina.core] (MSC service thread 1-1) JBWEB001079: Container org.apache.catalina.core.ContainerBase.[jboss.web].[default-host].[/] has not been started
15:50:19,963 INFO  [org.jboss.as.connector.subsystems.datasources] (MSC service thread 1-8) JBAS010409: Unbound data source [java:jboss/datasources/ExampleDS]
15:50:20,007 INFO  [org.jboss.as.server.deployment] (MSC service thread 1-7) JBAS015877: Stopped deployment null (runtime-name: RestSampleApplication.war) in 67ms
15:50:20,010 INFO  [org.jboss.as.server.deployment] (MSC service thread 1-3) JBAS015877: Stopped deployment RestSampleApplicationEAR.ear (runtime-name: RestSampleApplicationEAR.ear) in 78ms
15:50:20,017 INFO  [org.apache.coyote.http11.Http11Protocol] (MSC service thread 1-5) JBWEB003075: Coyote HTTP/1.1 pausing on: http-localhost/127.0.0.1:8080
15:50:20,018 INFO  [org.apache.coyote.http11.Http11Protocol] (MSC service thread 1-5) JBWEB003077: Coyote HTTP/1.1 stopping on : http-localhost/127.0.0.1:8080
15:50:20,039 INFO  [org.jboss.as] (MSC service thread 1-6) JBAS015950: JBoss EAP 6.3.0.GA (AS 7.4.0.Final-redhat-19) stopped in 68ms
15:50:22,066 INFO  [org.jboss.modules] (main) JBoss Modules version 1.3.3.Final-redhat-1
15:50:23,047 INFO  [org.jboss.msc] (main) JBoss MSC version 1.1.5.Final-redhat-1
15:50:23,221 INFO  [org.jboss.as] (MSC service thread 1-6) JBAS015899: JBoss EAP 6.3.0.GA (AS 7.4.0.Final-redhat-19) starting
15:50:23,231 DEBUG [org.jboss.as.config] (MSC service thread 1-6) Configured system properties:
	awt.toolkit = sun.awt.X11.XToolkit
	file.encoding = UTF-8
	file.encoding.pkg = sun.io
	file.separator = /
	java.awt.graphicsenv = sun.awt.X11GraphicsEnvironment
	java.awt.headless = true
	java.awt.printerjob = sun.print.PSPrinterJob
	java.class.path = /home/prasanna0586/jbossServer-eap-6.3/jboss-eap-6.3/jboss-modules.jar
	java.class.version = 51.0
	java.endorsed.dirs = /usr/lib/jvm/java-7-openjdk-amd64/jre/lib/endorsed
	java.ext.dirs = /usr/lib/jvm/java-7-openjdk-amd64/jre/lib/ext:/usr/java/packages/lib/ext
	java.home = /usr/lib/jvm/java-7-openjdk-amd64/jre
	java.io.tmpdir = /tmp
	java.library.path = /usr/java/packages/lib/amd64:/usr/lib/x86_64-linux-gnu/jni:/lib/x86_64-linux-gnu:/usr/lib/x86_64-linux-gnu:/usr/lib/jni:/lib:/usr/lib
	java.net.preferIPv4Stack = true
	java.runtime.name = OpenJDK Runtime Environment
	java.runtime.version = 1.7.0_79-b14
	java.specification.name = Java Platform API Specification
	java.specification.vendor = Oracle Corporation
	java.specification.version = 1.7
	java.util.logging.manager = org.jboss.logmanager.LogManager
	java.vendor = Oracle Corporation
	java.vendor.url = http://java.oracle.com/
	java.vendor.url.bug = http://bugreport.sun.com/bugreport/
	java.version = 1.7.0_79
	java.vm.info = mixed mode
	java.vm.name = OpenJDK 64-Bit Server VM
	java.vm.specification.name = Java Virtual Machine Specification
	java.vm.specification.vendor = Oracle Corporation
	java.vm.specification.version = 1.7
	java.vm.vendor = Oracle Corporation
	java.vm.version = 24.79-b02
	javax.management.builder.initial = org.jboss.as.jmx.PluggableMBeanServerBuilder
	javax.xml.datatype.DatatypeFactory = __redirected.__DatatypeFactory
	javax.xml.parsers.DocumentBuilderFactory = __redirected.__DocumentBuilderFactory
	javax.xml.parsers.SAXParserFactory = __redirected.__SAXParserFactory
	javax.xml.stream.XMLEventFactory = __redirected.__XMLEventFactory
	javax.xml.stream.XMLInputFactory = __redirected.__XMLInputFactory
	javax.xml.stream.XMLOutputFactory = __redirected.__XMLOutputFactory
	javax.xml.transform.TransformerFactory = __redirected.__TransformerFactory
	javax.xml.validation.SchemaFactory:http://www.w3.org/2001/XMLSchema = __redirected.__SchemaFactory
	javax.xml.xpath.XPathFactory:http://java.sun.com/jaxp/xpath/dom = __redirected.__XPathFactory
	jboss.bind.address = localhost
	jboss.bind.address.management = localhost
	jboss.home.dir = /home/prasanna0586/jbossServer-eap-6.3/jboss-eap-6.3
	jboss.host.name = prasanna
	jboss.modules.dir = /home/prasanna0586/jbossServer-eap-6.3/jboss-eap-6.3/modules
	jboss.modules.system.pkgs = org.jboss.byteman
	jboss.node.name = prasanna
	jboss.qualified.host.name = prasanna
	jboss.server.base.dir = /home/prasanna0586/jbossServer-eap-6.3/jboss-eap-6.3/standalone
	jboss.server.config.dir = /home/prasanna0586/jbossServer-eap-6.3/jboss-eap-6.3/standalone/configuration
	jboss.server.data.dir = /home/prasanna0586/jbossServer-eap-6.3/jboss-eap-6.3/standalone/data
	jboss.server.deploy.dir = /home/prasanna0586/jbossServer-eap-6.3/jboss-eap-6.3/standalone/data/content
	jboss.server.log.dir = /home/prasanna0586/jbossServer-eap-6.3/jboss-eap-6.3/standalone/log
	jboss.server.name = prasanna
	jboss.server.persist.config = true
	jboss.server.temp.dir = /home/prasanna0586/jbossServer-eap-6.3/jboss-eap-6.3/standalone/tmp
	line.separator = 

	logging.configuration = file:/home/prasanna0586/jbossServer-eap-6.3/jboss-eap-6.3/standalone/configuration/logging.properties
	module.path = /home/prasanna0586/jbossServer-eap-6.3/jboss-eap-6.3/modules
	org.jboss.boot.log.file = /home/prasanna0586/jbossServer-eap-6.3/jboss-eap-6.3/standalone/log/boot.log
	org.jboss.logmanager.nocolor = true
	org.jboss.resolver.warning = true
	org.xml.sax.driver = __redirected.__XMLReaderFactory
	os.arch = amd64
	os.name = Linux
	os.version = 3.13.0-48-generic
	path.separator = :
	program.name = JBossTools: JBoss Enterprise Application Platform 6.1+
	sun.arch.data.model = 64
	sun.boot.class.path = /usr/lib/jvm/java-7-openjdk-amd64/jre/lib/resources.jar:/usr/lib/jvm/java-7-openjdk-amd64/jre/lib/rt.jar:/usr/lib/jvm/java-7-openjdk-amd64/jre/lib/sunrsasign.jar:/usr/lib/jvm/java-7-openjdk-amd64/jre/lib/jsse.jar:/usr/lib/jvm/java-7-openjdk-amd64/jre/lib/jce.jar:/usr/lib/jvm/java-7-openjdk-amd64/jre/lib/charsets.jar:/usr/lib/jvm/java-7-openjdk-amd64/jre/lib/rhino.jar:/usr/lib/jvm/java-7-openjdk-amd64/jre/lib/jfr.jar:/usr/lib/jvm/java-7-openjdk-amd64/jre/classes
	sun.boot.library.path = /usr/lib/jvm/java-7-openjdk-amd64/jre/lib/amd64
	sun.cpu.endian = little
	sun.cpu.isalist = 
	sun.desktop = gnome
	sun.io.unicode.encoding = UnicodeLittle
	sun.java.command = org.jboss.modules.Main -mp /home/prasanna0586/jbossServer-eap-6.3/jboss-eap-6.3/modules -jaxpmodule javax.xml.jaxp-provider org.jboss.as.standalone -b localhost --server-config=standalone.xml -Djboss.server.base.dir=/home/prasanna0586/jbossServer-eap-6.3/jboss-eap-6.3/standalone
	sun.java.launcher = SUN_STANDARD
	sun.jnu.encoding = UTF-8
	sun.management.compiler = HotSpot 64-Bit Tiered Compilers
	sun.os.patch.level = unknown
	sun.rmi.dgc.client.gcInterval = 3600000
	sun.rmi.dgc.server.gcInterval = 3600000
	user.country = US
	user.dir = /home/prasanna0586/jbossServer-eap-6.3/jboss-eap-6.3/bin
	user.home = /home/prasanna0586
	user.language = en
	user.name = prasanna0586
	user.timezone = Asia/Kolkata
15:50:23,234 DEBUG [org.jboss.as.config] (MSC service thread 1-6) VM Arguments: -Dprogram.name=JBossTools: JBoss Enterprise Application Platform 6.1+ -Xms1024m -Xmx1024m -XX:MaxPermSize=256m -Dorg.jboss.resolver.warning=true -Djava.net.preferIPv4Stack=true -Dsun.rmi.dgc.client.gcInterval=3600000 -Dsun.rmi.dgc.server.gcInterval=3600000 -Djboss.modules.system.pkgs=org.jboss.byteman -Djava.awt.headless=true -Dorg.jboss.boot.log.file=/home/prasanna0586/jbossServer-eap-6.3/jboss-eap-6.3/standalone/log/boot.log -Dlogging.configuration=file:/home/prasanna0586/jbossServer-eap-6.3/jboss-eap-6.3/standalone/configuration/logging.properties -Djboss.home.dir=/home/prasanna0586/jbossServer-eap-6.3/jboss-eap-6.3 -Dorg.jboss.logmanager.nocolor=true -Djboss.bind.address.management=localhost -Dfile.encoding=UTF-8 
15:50:26,286 INFO  [org.xnio] (MSC service thread 1-5) XNIO Version 3.0.10.GA-redhat-1
15:50:26,352 INFO  [org.jboss.as.server] (Controller Boot Thread) JBAS015888: Creating http management service using socket-binding (management-http)
15:50:26,400 INFO  [org.xnio.nio] (MSC service thread 1-5) XNIO NIO Implementation Version 3.0.10.GA-redhat-1
15:50:26,616 INFO  [org.jboss.remoting] (MSC service thread 1-5) JBoss Remoting version (unknown)
15:50:26,630 INFO  [org.jboss.as.security] (ServerService Thread Pool -- 42) JBAS013171: Activating Security Subsystem
15:50:26,631 WARN  [org.jboss.as.txn] (ServerService Thread Pool -- 44) JBAS010153: Node identifier property is set to the default value. Please make sure it is unique.
15:50:26,646 INFO  [org.jboss.as.webservices] (ServerService Thread Pool -- 46) JBAS015537: Activating WebServices Extension
15:50:26,651 INFO  [org.jboss.as.jsf] (ServerService Thread Pool -- 35) JBAS012605: Activated the following JSF Implementations: [main, 1.2]
15:50:26,655 INFO  [org.jboss.as.naming] (ServerService Thread Pool -- 37) JBAS011800: Activating Naming Subsystem
15:50:26,655 INFO  [org.jboss.as.clustering.infinispan] (ServerService Thread Pool -- 29) JBAS010280: Activating Infinispan subsystem.
15:50:26,819 INFO  [org.jboss.as.security] (MSC service thread 1-8) JBAS013170: Current PicketBox version=4.0.19.SP8-redhat-1
15:50:26,894 INFO  [org.jboss.as.connector.logging] (MSC service thread 1-1) JBAS010408: Starting JCA Subsystem (IronJacamar 1.0.26.Final-redhat-1)
15:50:27,343 INFO  [org.jboss.as.naming] (MSC service thread 1-2) JBAS011802: Starting Naming Service
15:50:27,345 INFO  [org.jboss.as.mail.extension] (MSC service thread 1-4) JBAS015400: Bound mail session [java:jboss/mail/Default]
15:50:27,881 INFO  [org.jboss.as.connector.subsystems.datasources] (ServerService Thread Pool -- 25) JBAS010403: Deploying JDBC-compliant driver class org.h2.Driver (version 1.3)
15:50:28,818 INFO  [org.apache.coyote.http11.Http11Protocol] (MSC service thread 1-3) JBWEB003001: Coyote HTTP/1.1 initializing on : http-localhost/127.0.0.1:8080
15:50:28,824 INFO  [org.apache.coyote.http11.Http11Protocol] (MSC service thread 1-3) JBWEB003000: Coyote HTTP/1.1 starting on: http-localhost/127.0.0.1:8080
15:50:28,961 INFO  [org.jboss.as.connector.subsystems.datasources] (MSC service thread 1-5) JBAS010400: Bound data source [java:jboss/datasources/ExampleDS]
15:50:29,026 INFO  [org.jboss.as.server.deployment.scanner] (MSC service thread 1-8) JBAS015012: Started FileSystemDeploymentService for directory /home/prasanna0586/jbossServer-eap-6.3/jboss-eap-6.3/standalone/deployments
15:50:29,060 INFO  [org.jboss.as.server.deployment] (MSC service thread 1-2) JBAS015876: Starting deployment of "RestSampleApplicationEAR.ear" (runtime-name: "RestSampleApplicationEAR.ear")
15:50:29,276 INFO  [org.jboss.as.remoting] (MSC service thread 1-6) JBAS017100: Listening on 127.0.0.1:4447
15:50:29,276 INFO  [org.jboss.as.remoting] (MSC service thread 1-7) JBAS017100: Listening on 127.0.0.1:9999
15:50:29,282 INFO  [org.jboss.as.server.deployment] (MSC service thread 1-6) JBAS015876: Starting deployment of "null" (runtime-name: "RestSampleApplication.war")
15:50:30,022 INFO  [org.jboss.ws.common.management] (MSC service thread 1-4) JBWS022052: Starting JBoss Web Services - Stack CXF Server 4.3.0.Final-redhat-3
15:50:31,289 INFO  [org.jboss.web] (ServerService Thread Pool -- 53) JBAS018210: Register web context: /RestSampleApplication
15:50:32,338 INFO  [org.jboss.as.server] (ServerService Thread Pool -- 26) JBAS018559: Deployed "RestSampleApplicationEAR.ear" (runtime-name : "RestSampleApplicationEAR.ear")
15:50:32,543 INFO  [org.jboss.as] (Controller Boot Thread) JBAS015961: Http management interface listening on http://127.0.0.1:9990/management
15:50:32,545 INFO  [org.jboss.as] (Controller Boot Thread) JBAS015951: Admin console listening on http://127.0.0.1:9990
15:50:32,546 INFO  [org.jboss.as] (Controller Boot Thread) JBAS015874: JBoss EAP 6.3.0.GA (AS 7.4.0.Final-redhat-19) started in 11751ms - Started 223 of 261 services (61 services are lazy, passive or on-demand)
15:51:05,115 INFO  [stdout] (http-localhost/127.0.0.1:8080-1) Inside getText service
15:51:05,155 INFO  [stdout] (http-localhost/127.0.0.1:8080-1) CorsFilter entry
15:51:05,155 INFO  [stdout] (http-localhost/127.0.0.1:8080-1) CorsFilter exit
15:51:26,274 INFO  [stdout] (http-localhost/127.0.0.1:8080-3) CorsFilter entry
15:51:26,275 INFO  [stdout] (http-localhost/127.0.0.1:8080-3) CorsFilter exit
15:51:26,280 INFO  [stdout] (http-localhost/127.0.0.1:8080-3) Inside getText service
15:51:26,280 INFO  [stdout] (http-localhost/127.0.0.1:8080-3) CorsFilter entry
15:51:26,281 INFO  [stdout] (http-localhost/127.0.0.1:8080-3) CorsFilter exit
15:51:34,466 INFO  [stdout] (http-localhost/127.0.0.1:8080-3) CorsFilter entry
15:51:34,467 INFO  [stdout] (http-localhost/127.0.0.1:8080-3) CorsFilter exit
15:51:34,475 INFO  [stdout] (http-localhost/127.0.0.1:8080-3) Inside getText service
15:51:34,476 INFO  [stdout] (http-localhost/127.0.0.1:8080-3) CorsFilter entry
15:51:34,477 INFO  [stdout] (http-localhost/127.0.0.1:8080-3) CorsFilter exit
16:00:56,671 INFO  [stdout] (http-localhost/127.0.0.1:8080-3) Inside sendAFormDataMessage service
16:00:56,672 INFO  [stdout] (http-localhost/127.0.0.1:8080-3) CorsFilter entry
16:00:56,672 INFO  [stdout] (http-localhost/127.0.0.1:8080-3) CorsFilter exit
